2025-04-17T03:07:55.309+03:00  INFO 64149 --- [telegram-bot-manager2] [restartedMain] c.t.TelegramProposalBotApplication       : Starting TelegramProposalBotApplication using Java 18.0.2.1 with PID 64149 (/Users/danil/Documents/work/bot/telegram-bot-manager2/target/classes started by danil in /Users/danil/Documents/work/bot/telegram-bot-manager2)
2025-04-17T03:07:55.310+03:00 DEBUG 64149 --- [telegram-bot-manager2] [restartedMain] c.t.TelegramProposalBotApplication       : Running with Spring Boot v3.4.4, Spring v6.2.5
2025-04-17T03:07:55.312+03:00  INFO 64149 --- [telegram-bot-manager2] [restartedMain] c.t.TelegramProposalBotApplication       : No active profile set, falling back to 1 default profile: "default"
2025-04-17T03:07:55.419+03:00  INFO 64149 --- [telegram-bot-manager2] [restartedMain] .e.DevToolsPropertyDefaultsPostProcessor : Devtools property defaults active! Set 'spring.devtools.add-properties' to 'false' to disable
2025-04-17T03:07:55.420+03:00  INFO 64149 --- [telegram-bot-manager2] [restartedMain] .e.DevToolsPropertyDefaultsPostProcessor : For additional web related logging consider setting the 'logging.level.web' property to 'DEBUG'
2025-04-17T03:07:56.241+03:00  INFO 64149 --- [telegram-bot-manager2] [restartedMain] .s.d.r.c.RepositoryConfigurationDelegate : Bootstrapping Spring Data JPA repositories in DEFAULT mode.
2025-04-17T03:07:56.309+03:00  INFO 64149 --- [telegram-bot-manager2] [restartedMain] .s.d.r.c.RepositoryConfigurationDelegate : Finished Spring Data repository scanning in 60 ms. Found 6 JPA repository interfaces.
2025-04-17T03:07:56.893+03:00  INFO 64149 --- [telegram-bot-manager2] [restartedMain] o.s.b.w.embedded.tomcat.TomcatWebServer  : Tomcat initialized with port 8080 (http)
2025-04-17T03:07:56.903+03:00  INFO 64149 --- [telegram-bot-manager2] [restartedMain] o.apache.catalina.core.StandardService   : Starting service [Tomcat]
2025-04-17T03:07:56.903+03:00  INFO 64149 --- [telegram-bot-manager2] [restartedMain] o.apache.catalina.core.StandardEngine    : Starting Servlet engine: [Apache Tomcat/10.1.39]
2025-04-17T03:07:56.939+03:00  INFO 64149 --- [telegram-bot-manager2] [restartedMain] o.a.c.c.C.[Tomcat].[localhost].[/]       : Initializing Spring embedded WebApplicationContext
2025-04-17T03:07:56.940+03:00  INFO 64149 --- [telegram-bot-manager2] [restartedMain] w.s.c.ServletWebServerApplicationContext : Root WebApplicationContext: initialization completed in 1520 ms
2025-04-17T03:07:57.080+03:00  INFO 64149 --- [telegram-bot-manager2] [restartedMain] o.hibernate.jpa.internal.util.LogHelper  : HHH000204: Processing PersistenceUnitInfo [name: default]
2025-04-17T03:07:57.113+03:00  INFO 64149 --- [telegram-bot-manager2] [restartedMain] org.hibernate.Version                    : HHH000412: Hibernate ORM core version 6.6.11.Final
2025-04-17T03:07:57.137+03:00  INFO 64149 --- [telegram-bot-manager2] [restartedMain] o.h.c.internal.RegionFactoryInitiator    : HHH000026: Second-level cache disabled
2025-04-17T03:07:57.359+03:00  INFO 64149 --- [telegram-bot-manager2] [restartedMain] o.s.o.j.p.SpringPersistenceUnitInfo      : No LoadTimeWeaver setup: ignoring JPA class transformer
2025-04-17T03:07:57.380+03:00  INFO 64149 --- [telegram-bot-manager2] [restartedMain] com.zaxxer.hikari.HikariDataSource       : HikariPool-1 - Starting...
2025-04-17T03:07:58.463+03:00  WARN 64149 --- [telegram-bot-manager2] [restartedMain] o.h.engine.jdbc.spi.SqlExceptionHelper   : SQL Error: 0, SQLState: 08S01
2025-04-17T03:07:58.465+03:00 ERROR 64149 --- [telegram-bot-manager2] [restartedMain] o.h.engine.jdbc.spi.SqlExceptionHelper   : Communications link failure

The last packet sent successfully to the server was 0 milliseconds ago. The driver has not received any packets from the server.
2025-04-17T03:07:58.469+03:00  WARN 64149 --- [telegram-bot-manager2] [restartedMain] o.h.e.j.e.i.JdbcEnvironmentInitiator     : HHH000342: Could not obtain connection to query metadata

org.hibernate.exception.JDBCConnectionException: unable to obtain isolated JDBC connection [Communications link failure

The last packet sent successfully to the server was 0 milliseconds ago. The driver has not received any packets from the server.] [n/a]
	at org.hibernate.exception.internal.SQLStateConversionDelegate.convert(SQLStateConversionDelegate.java:100) ~[hibernate-core-6.6.11.Final.jar:6.6.11.Final]
	at org.hibernate.exception.internal.StandardSQLExceptionConverter.convert(StandardSQLExceptionConverter.java:58) ~[hibernate-core-6.6.11.Final.jar:6.6.11.Final]
	at org.hibernate.engine.jdbc.spi.SqlExceptionHelper.convert(SqlExceptionHelper.java:108) ~[hibernate-core-6.6.11.Final.jar:6.6.11.Final]
	at org.hibernate.engine.jdbc.spi.SqlExceptionHelper.convert(SqlExceptionHelper.java:94) ~[hibernate-core-6.6.11.Final.jar:6.6.11.Final]
	at org.hibernate.resource.transaction.backend.jdbc.internal.JdbcIsolationDelegate.delegateWork(JdbcIsolationDelegate.java:116) ~[hibernate-core-6.6.11.Final.jar:6.6.11.Final]
	at org.hibernate.engine.jdbc.env.internal.JdbcEnvironmentInitiator.getJdbcEnvironmentUsingJdbcMetadata(JdbcEnvironmentInitiator.java:320) ~[hibernate-core-6.6.11.Final.jar:6.6.11.Final]
	at org.hibernate.engine.jdbc.env.internal.JdbcEnvironmentInitiator.initiateService(JdbcEnvironmentInitiator.java:129) ~[hibernate-core-6.6.11.Final.jar:6.6.11.Final]
	at org.hibernate.engine.jdbc.env.internal.JdbcEnvironmentInitiator.initiateService(JdbcEnvironmentInitiator.java:81) ~[hibernate-core-6.6.11.Final.jar:6.6.11.Final]
	at org.hibernate.boot.registry.internal.StandardServiceRegistryImpl.initiateService(StandardServiceRegistryImpl.java:130) ~[hibernate-core-6.6.11.Final.jar:6.6.11.Final]
	at org.hibernate.service.internal.AbstractServiceRegistryImpl.createService(AbstractServiceRegistryImpl.java:263) ~[hibernate-core-6.6.11.Final.jar:6.6.11.Final]
	at org.hibernate.service.internal.AbstractServiceRegistryImpl.initializeService(AbstractServiceRegistryImpl.java:238) ~[hibernate-core-6.6.11.Final.jar:6.6.11.Final]
	at org.hibernate.service.internal.AbstractServiceRegistryImpl.getService(AbstractServiceRegistryImpl.java:215) ~[hibernate-core-6.6.11.Final.jar:6.6.11.Final]
	at org.hibernate.boot.model.relational.Database.<init>(Database.java:45) ~[hibernate-core-6.6.11.Final.jar:6.6.11.Final]
	at org.hibernate.boot.internal.InFlightMetadataCollectorImpl.getDatabase(InFlightMetadataCollectorImpl.java:226) ~[hibernate-core-6.6.11.Final.jar:6.6.11.Final]
	at org.hibernate.boot.internal.InFlightMetadataCollectorImpl.<init>(InFlightMetadataCollectorImpl.java:194) ~[hibernate-core-6.6.11.Final.jar:6.6.11.Final]
	at org.hibernate.boot.model.process.spi.MetadataBuildingProcess.complete(MetadataBuildingProcess.java:171) ~[hibernate-core-6.6.11.Final.jar:6.6.11.Final]
	at org.hibernate.jpa.boot.internal.EntityManagerFactoryBuilderImpl.metadata(EntityManagerFactoryBuilderImpl.java:1442) ~[hibernate-core-6.6.11.Final.jar:6.6.11.Final]
	at org.hibernate.jpa.boot.internal.EntityManagerFactoryBuilderImpl.build(EntityManagerFactoryBuilderImpl.java:1513) ~[hibernate-core-6.6.11.Final.jar:6.6.11.Final]
	at org.springframework.orm.jpa.vendor.SpringHibernateJpaPersistenceProvider.createContainerEntityManagerFactory(SpringHibernateJpaPersistenceProvider.java:66) ~[spring-orm-6.2.5.jar:6.2.5]
	at org.springframework.orm.jpa.LocalContainerEntityManagerFactoryBean.createNativeEntityManagerFactory(LocalContainerEntityManagerFactoryBean.java:390) ~[spring-orm-6.2.5.jar:6.2.5]
	at org.springframework.orm.jpa.AbstractEntityManagerFactoryBean.buildNativeEntityManagerFactory(AbstractEntityManagerFactoryBean.java:419) ~[spring-orm-6.2.5.jar:6.2.5]
	at org.springframework.orm.jpa.AbstractEntityManagerFactoryBean.afterPropertiesSet(AbstractEntityManagerFactoryBean.java:400) ~[spring-orm-6.2.5.jar:6.2.5]
	at org.springframework.orm.jpa.LocalContainerEntityManagerFactoryBean.afterPropertiesSet(LocalContainerEntityManagerFactoryBean.java:366) ~[spring-orm-6.2.5.jar:6.2.5]
	at org.springframework.beans.factory.support.AbstractAutowireCapableBeanFactory.invokeInitMethods(AbstractAutowireCapableBeanFactory.java:1859) ~[spring-beans-6.2.5.jar:6.2.5]
	at org.springframework.beans.factory.support.AbstractAutowireCapableBeanFactory.initializeBean(AbstractAutowireCapableBeanFactory.java:1808) ~[spring-beans-6.2.5.jar:6.2.5]
	at org.springframework.beans.factory.support.AbstractAutowireCapableBeanFactory.doCreateBean(AbstractAutowireCapableBeanFactory.java:601) ~[spring-beans-6.2.5.jar:6.2.5]
	at org.springframework.beans.factory.support.AbstractAutowireCapableBeanFactory.createBean(AbstractAutowireCapableBeanFactory.java:523) ~[spring-beans-6.2.5.jar:6.2.5]
	at org.springframework.beans.factory.support.AbstractBeanFactory.lambda$doGetBean$0(AbstractBeanFactory.java:339) ~[spring-beans-6.2.5.jar:6.2.5]
	at org.springframework.beans.factory.support.DefaultSingletonBeanRegistry.getSingleton(DefaultSingletonBeanRegistry.java:347) ~[spring-beans-6.2.5.jar:6.2.5]
	at org.springframework.beans.factory.support.AbstractBeanFactory.doGetBean(AbstractBeanFactory.java:337) ~[spring-beans-6.2.5.jar:6.2.5]
	at org.springframework.beans.factory.support.AbstractBeanFactory.getBean(AbstractBeanFactory.java:207) ~[spring-beans-6.2.5.jar:6.2.5]
	at org.springframework.context.support.AbstractApplicationContext.finishBeanFactoryInitialization(AbstractApplicationContext.java:970) ~[spring-context-6.2.5.jar:6.2.5]
	at org.springframework.context.support.AbstractApplicationContext.refresh(AbstractApplicationContext.java:627) ~[spring-context-6.2.5.jar:6.2.5]
	at org.springframework.boot.web.servlet.context.ServletWebServerApplicationContext.refresh(ServletWebServerApplicationContext.java:146) ~[spring-boot-3.4.4.jar:3.4.4]
	at org.springframework.boot.SpringApplication.refresh(SpringApplication.java:752) ~[spring-boot-3.4.4.jar:3.4.4]
	at org.springframework.boot.SpringApplication.refreshContext(SpringApplication.java:439) ~[spring-boot-3.4.4.jar:3.4.4]
	at org.springframework.boot.SpringApplication.run(SpringApplication.java:318) ~[spring-boot-3.4.4.jar:3.4.4]
	at org.springframework.boot.SpringApplication.run(SpringApplication.java:1361) ~[spring-boot-3.4.4.jar:3.4.4]
	at org.springframework.boot.SpringApplication.run(SpringApplication.java:1350) ~[spring-boot-3.4.4.jar:3.4.4]
	at com.telegramproposalbot.TelegramProposalBotApplication.main(TelegramProposalBotApplication.java:15) ~[classes/:na]
	at java.base/jdk.internal.reflect.DirectMethodHandleAccessor.invoke(DirectMethodHandleAccessor.java:104) ~[na:na]
	at java.base/java.lang.reflect.Method.invoke(Method.java:577) ~[na:na]
	at org.springframework.boot.devtools.restart.RestartLauncher.run(RestartLauncher.java:50) ~[spring-boot-devtools-3.4.4.jar:3.4.4]
Caused by: com.mysql.cj.jdbc.exceptions.CommunicationsException: Communications link failure

The last packet sent successfully to the server was 0 milliseconds ago. The driver has not received any packets from the server.
	at com.mysql.cj.jdbc.exceptions.SQLError.createCommunicationsException(SQLError.java:165) ~[mysql-connector-j-9.1.0.jar:9.1.0]
	at com.mysql.cj.jdbc.exceptions.SQLExceptionsMapping.translateException(SQLExceptionsMapping.java:55) ~[mysql-connector-j-9.1.0.jar:9.1.0]
	at com.mysql.cj.jdbc.ConnectionImpl.createNewIO(ConnectionImpl.java:837) ~[mysql-connector-j-9.1.0.jar:9.1.0]
	at com.mysql.cj.jdbc.ConnectionImpl.<init>(ConnectionImpl.java:420) ~[mysql-connector-j-9.1.0.jar:9.1.0]
	at com.mysql.cj.jdbc.ConnectionImpl.getInstance(ConnectionImpl.java:238) ~[mysql-connector-j-9.1.0.jar:9.1.0]
	at com.mysql.cj.jdbc.NonRegisteringDriver.connect(NonRegisteringDriver.java:180) ~[mysql-connector-j-9.1.0.jar:9.1.0]
	at com.zaxxer.hikari.util.DriverDataSource.getConnection(DriverDataSource.java:137) ~[HikariCP-5.1.0.jar:na]
	at com.zaxxer.hikari.pool.PoolBase.newConnection(PoolBase.java:360) ~[HikariCP-5.1.0.jar:na]
	at com.zaxxer.hikari.pool.PoolBase.newPoolEntry(PoolBase.java:202) ~[HikariCP-5.1.0.jar:na]
	at com.zaxxer.hikari.pool.HikariPool.createPoolEntry(HikariPool.java:461) ~[HikariCP-5.1.0.jar:na]
	at com.zaxxer.hikari.pool.HikariPool.checkFailFast(HikariPool.java:550) ~[HikariCP-5.1.0.jar:na]
	at com.zaxxer.hikari.pool.HikariPool.<init>(HikariPool.java:98) ~[HikariCP-5.1.0.jar:na]
	at com.zaxxer.hikari.HikariDataSource.getConnection(HikariDataSource.java:111) ~[HikariCP-5.1.0.jar:na]
	at org.hibernate.engine.jdbc.connections.internal.DatasourceConnectionProviderImpl.getConnection(DatasourceConnectionProviderImpl.java:126) ~[hibernate-core-6.6.11.Final.jar:6.6.11.Final]
	at org.hibernate.engine.jdbc.env.internal.JdbcEnvironmentInitiator$ConnectionProviderJdbcConnectionAccess.obtainConnection(JdbcEnvironmentInitiator.java:467) ~[hibernate-core-6.6.11.Final.jar:6.6.11.Final]
	at org.hibernate.resource.transaction.backend.jdbc.internal.JdbcIsolationDelegate.delegateWork(JdbcIsolationDelegate.java:61) ~[hibernate-core-6.6.11.Final.jar:6.6.11.Final]
	... 38 common frames omitted
Caused by: com.mysql.cj.exceptions.CJCommunicationsException: Communications link failure

The last packet sent successfully to the server was 0 milliseconds ago. The driver has not received any packets from the server.
	at java.base/jdk.internal.reflect.DirectConstructorHandleAccessor.newInstance(DirectConstructorHandleAccessor.java:67) ~[na:na]
	at java.base/java.lang.reflect.Constructor.newInstanceWithCaller(Constructor.java:499) ~[na:na]
	at java.base/java.lang.reflect.Constructor.newInstance(Constructor.java:483) ~[na:na]
	at com.mysql.cj.exceptions.ExceptionFactory.createException(ExceptionFactory.java:52) ~[mysql-connector-j-9.1.0.jar:9.1.0]
	at com.mysql.cj.exceptions.ExceptionFactory.createException(ExceptionFactory.java:95) ~[mysql-connector-j-9.1.0.jar:9.1.0]
	at com.mysql.cj.exceptions.ExceptionFactory.createException(ExceptionFactory.java:140) ~[mysql-connector-j-9.1.0.jar:9.1.0]
	at com.mysql.cj.exceptions.ExceptionFactory.createCommunicationsException(ExceptionFactory.java:156) ~[mysql-connector-j-9.1.0.jar:9.1.0]
	at com.mysql.cj.protocol.a.NativeSocketConnection.connect(NativeSocketConnection.java:79) ~[mysql-connector-j-9.1.0.jar:9.1.0]
	at com.mysql.cj.NativeSession.connect(NativeSession.java:142) ~[mysql-connector-j-9.1.0.jar:9.1.0]
	at com.mysql.cj.jdbc.ConnectionImpl.connectOneTryOnly(ConnectionImpl.java:961) ~[mysql-connector-j-9.1.0.jar:9.1.0]
	at com.mysql.cj.jdbc.ConnectionImpl.createNewIO(ConnectionImpl.java:825) ~[mysql-connector-j-9.1.0.jar:9.1.0]
	... 51 common frames omitted
Caused by: java.net.ConnectException: Connection refused
	at java.base/sun.nio.ch.Net.pollConnect(Native Method) ~[na:na]
	at java.base/sun.nio.ch.Net.pollConnectNow(Net.java:672) ~[na:na]
	at java.base/sun.nio.ch.NioSocketImpl.timedFinishConnect(NioSocketImpl.java:546) ~[na:na]
	at java.base/sun.nio.ch.NioSocketImpl.connect(NioSocketImpl.java:594) ~[na:na]
	at java.base/java.net.SocksSocketImpl.connect(SocksSocketImpl.java:327) ~[na:na]
	at java.base/java.net.Socket.connect(Socket.java:633) ~[na:na]
	at com.mysql.cj.protocol.StandardSocketFactory.connect(StandardSocketFactory.java:144) ~[mysql-connector-j-9.1.0.jar:9.1.0]
	at com.mysql.cj.protocol.a.NativeSocketConnection.connect(NativeSocketConnection.java:53) ~[mysql-connector-j-9.1.0.jar:9.1.0]
	... 54 common frames omitted

2025-04-17T03:07:58.507+03:00  WARN 64149 --- [telegram-bot-manager2] [restartedMain] org.hibernate.orm.deprecation            : HHH90000025: MySQL8Dialect does not need to be specified explicitly using 'hibernate.dialect' (remove the property setting and it will be selected by default)
2025-04-17T03:07:58.510+03:00  WARN 64149 --- [telegram-bot-manager2] [restartedMain] org.hibernate.orm.deprecation            : HHH90000026: MySQL8Dialect has been deprecated; use org.hibernate.dialect.MySQLDialect instead
2025-04-17T03:07:58.523+03:00  INFO 64149 --- [telegram-bot-manager2] [restartedMain] org.hibernate.orm.connections.pooling    : HHH10001005: Database info:
	Database JDBC URL [Connecting through datasource 'HikariDataSource (null)']
	Database driver: undefined/unknown
	Database version: 8.0
	Autocommit mode: undefined/unknown
	Isolation level: undefined/unknown
	Minimum pool size: undefined/unknown
	Maximum pool size: undefined/unknown
2025-04-17T03:07:59.297+03:00  INFO 64149 --- [telegram-bot-manager2] [restartedMain] o.h.e.t.j.p.i.JtaPlatformInitiator       : HHH000489: No JTA platform available (set 'hibernate.transaction.jta.platform' to enable JTA platform integration)
2025-04-17T03:07:59.310+03:00  INFO 64149 --- [telegram-bot-manager2] [restartedMain] com.zaxxer.hikari.HikariDataSource       : HikariPool-1 - Starting...
2025-04-17T03:08:00.321+03:00  WARN 64149 --- [telegram-bot-manager2] [restartedMain] o.h.engine.jdbc.spi.SqlExceptionHelper   : SQL Error: 0, SQLState: 08S01
2025-04-17T03:08:00.322+03:00 ERROR 64149 --- [telegram-bot-manager2] [restartedMain] o.h.engine.jdbc.spi.SqlExceptionHelper   : Communications link failure

The last packet sent successfully to the server was 0 milliseconds ago. The driver has not received any packets from the server.
2025-04-17T03:08:00.331+03:00 ERROR 64149 --- [telegram-bot-manager2] [restartedMain] j.LocalContainerEntityManagerFactoryBean : Failed to initialize JPA EntityManagerFactory: [PersistenceUnit: default] Unable to build Hibernate SessionFactory; nested exception is org.hibernate.exception.JDBCConnectionException: Unable to open JDBC Connection for DDL execution [Communications link failure

The last packet sent successfully to the server was 0 milliseconds ago. The driver has not received any packets from the server.] [n/a]
2025-04-17T03:08:00.336+03:00  WARN 64149 --- [telegram-bot-manager2] [restartedMain] ConfigServletWebServerApplicationContext : Exception encountered during context initialization - cancelling refresh attempt: org.springframework.beans.factory.BeanCreationException: Error creating bean with name 'entityManagerFactory' defined in class path resource [org/springframework/boot/autoconfigure/orm/jpa/HibernateJpaConfiguration.class]: [PersistenceUnit: default] Unable to build Hibernate SessionFactory; nested exception is org.hibernate.exception.JDBCConnectionException: Unable to open JDBC Connection for DDL execution [Communications link failure

The last packet sent successfully to the server was 0 milliseconds ago. The driver has not received any packets from the server.] [n/a]
2025-04-17T03:08:00.343+03:00  INFO 64149 --- [telegram-bot-manager2] [restartedMain] o.apache.catalina.core.StandardService   : Stopping service [Tomcat]
2025-04-17T03:08:00.365+03:00  INFO 64149 --- [telegram-bot-manager2] [restartedMain] .s.b.a.l.ConditionEvaluationReportLogger : 

Error starting ApplicationContext. To display the condition evaluation report re-run your application with 'debug' enabled.
2025-04-17T03:08:00.386+03:00 ERROR 64149 --- [telegram-bot-manager2] [restartedMain] o.s.boot.SpringApplication               : Application run failed

org.springframework.beans.factory.BeanCreationException: Error creating bean with name 'entityManagerFactory' defined in class path resource [org/springframework/boot/autoconfigure/orm/jpa/HibernateJpaConfiguration.class]: [PersistenceUnit: default] Unable to build Hibernate SessionFactory; nested exception is org.hibernate.exception.JDBCConnectionException: Unable to open JDBC Connection for DDL execution [Communications link failure

The last packet sent successfully to the server was 0 milliseconds ago. The driver has not received any packets from the server.] [n/a]
	at org.springframework.beans.factory.support.AbstractAutowireCapableBeanFactory.initializeBean(AbstractAutowireCapableBeanFactory.java:1812) ~[spring-beans-6.2.5.jar:6.2.5]
	at org.springframework.beans.factory.support.AbstractAutowireCapableBeanFactory.doCreateBean(AbstractAutowireCapableBeanFactory.java:601) ~[spring-beans-6.2.5.jar:6.2.5]
	at org.springframework.beans.factory.support.AbstractAutowireCapableBeanFactory.createBean(AbstractAutowireCapableBeanFactory.java:523) ~[spring-beans-6.2.5.jar:6.2.5]
	at org.springframework.beans.factory.support.AbstractBeanFactory.lambda$doGetBean$0(AbstractBeanFactory.java:339) ~[spring-beans-6.2.5.jar:6.2.5]
	at org.springframework.beans.factory.support.DefaultSingletonBeanRegistry.getSingleton(DefaultSingletonBeanRegistry.java:347) ~[spring-beans-6.2.5.jar:6.2.5]
	at org.springframework.beans.factory.support.AbstractBeanFactory.doGetBean(AbstractBeanFactory.java:337) ~[spring-beans-6.2.5.jar:6.2.5]
	at org.springframework.beans.factory.support.AbstractBeanFactory.getBean(AbstractBeanFactory.java:207) ~[spring-beans-6.2.5.jar:6.2.5]
	at org.springframework.context.support.AbstractApplicationContext.finishBeanFactoryInitialization(AbstractApplicationContext.java:970) ~[spring-context-6.2.5.jar:6.2.5]
	at org.springframework.context.support.AbstractApplicationContext.refresh(AbstractApplicationContext.java:627) ~[spring-context-6.2.5.jar:6.2.5]
	at org.springframework.boot.web.servlet.context.ServletWebServerApplicationContext.refresh(ServletWebServerApplicationContext.java:146) ~[spring-boot-3.4.4.jar:3.4.4]
	at org.springframework.boot.SpringApplication.refresh(SpringApplication.java:752) ~[spring-boot-3.4.4.jar:3.4.4]
	at org.springframework.boot.SpringApplication.refreshContext(SpringApplication.java:439) ~[spring-boot-3.4.4.jar:3.4.4]
	at org.springframework.boot.SpringApplication.run(SpringApplication.java:318) ~[spring-boot-3.4.4.jar:3.4.4]
	at org.springframework.boot.SpringApplication.run(SpringApplication.java:1361) ~[spring-boot-3.4.4.jar:3.4.4]
	at org.springframework.boot.SpringApplication.run(SpringApplication.java:1350) ~[spring-boot-3.4.4.jar:3.4.4]
	at com.telegramproposalbot.TelegramProposalBotApplication.main(TelegramProposalBotApplication.java:15) ~[classes/:na]
	at java.base/jdk.internal.reflect.DirectMethodHandleAccessor.invoke(DirectMethodHandleAccessor.java:104) ~[na:na]
	at java.base/java.lang.reflect.Method.invoke(Method.java:577) ~[na:na]
	at org.springframework.boot.devtools.restart.RestartLauncher.run(RestartLauncher.java:50) ~[spring-boot-devtools-3.4.4.jar:3.4.4]
Caused by: jakarta.persistence.PersistenceException: [PersistenceUnit: default] Unable to build Hibernate SessionFactory; nested exception is org.hibernate.exception.JDBCConnectionException: Unable to open JDBC Connection for DDL execution [Communications link failure

The last packet sent successfully to the server was 0 milliseconds ago. The driver has not received any packets from the server.] [n/a]
	at org.springframework.orm.jpa.AbstractEntityManagerFactoryBean.buildNativeEntityManagerFactory(AbstractEntityManagerFactoryBean.java:431) ~[spring-orm-6.2.5.jar:6.2.5]
	at org.springframework.orm.jpa.AbstractEntityManagerFactoryBean.afterPropertiesSet(AbstractEntityManagerFactoryBean.java:400) ~[spring-orm-6.2.5.jar:6.2.5]
	at org.springframework.orm.jpa.LocalContainerEntityManagerFactoryBean.afterPropertiesSet(LocalContainerEntityManagerFactoryBean.java:366) ~[spring-orm-6.2.5.jar:6.2.5]
	at org.springframework.beans.factory.support.AbstractAutowireCapableBeanFactory.invokeInitMethods(AbstractAutowireCapableBeanFactory.java:1859) ~[spring-beans-6.2.5.jar:6.2.5]
	at org.springframework.beans.factory.support.AbstractAutowireCapableBeanFactory.initializeBean(AbstractAutowireCapableBeanFactory.java:1808) ~[spring-beans-6.2.5.jar:6.2.5]
	... 18 common frames omitted
Caused by: org.hibernate.exception.JDBCConnectionException: Unable to open JDBC Connection for DDL execution [Communications link failure

The last packet sent successfully to the server was 0 milliseconds ago. The driver has not received any packets from the server.] [n/a]
	at org.hibernate.exception.internal.SQLStateConversionDelegate.convert(SQLStateConversionDelegate.java:100) ~[hibernate-core-6.6.11.Final.jar:6.6.11.Final]
	at org.hibernate.exception.internal.StandardSQLExceptionConverter.convert(StandardSQLExceptionConverter.java:58) ~[hibernate-core-6.6.11.Final.jar:6.6.11.Final]
	at org.hibernate.engine.jdbc.spi.SqlExceptionHelper.convert(SqlExceptionHelper.java:108) ~[hibernate-core-6.6.11.Final.jar:6.6.11.Final]
	at org.hibernate.engine.jdbc.spi.SqlExceptionHelper.convert(SqlExceptionHelper.java:94) ~[hibernate-core-6.6.11.Final.jar:6.6.11.Final]
	at org.hibernate.resource.transaction.backend.jdbc.internal.DdlTransactionIsolatorNonJtaImpl.getIsolatedConnection(DdlTransactionIsolatorNonJtaImpl.java:74) ~[hibernate-core-6.6.11.Final.jar:6.6.11.Final]
	at org.hibernate.resource.transaction.backend.jdbc.internal.DdlTransactionIsolatorNonJtaImpl.getIsolatedConnection(DdlTransactionIsolatorNonJtaImpl.java:39) ~[hibernate-core-6.6.11.Final.jar:6.6.11.Final]
	at org.hibernate.tool.schema.internal.exec.ImprovedExtractionContextImpl.getJdbcConnection(ImprovedExtractionContextImpl.java:63) ~[hibernate-core-6.6.11.Final.jar:6.6.11.Final]
	at org.hibernate.tool.schema.internal.exec.ImprovedExtractionContextImpl.getJdbcDatabaseMetaData(ImprovedExtractionContextImpl.java:70) ~[hibernate-core-6.6.11.Final.jar:6.6.11.Final]
	at org.hibernate.tool.schema.extract.internal.InformationExtractorJdbcDatabaseMetaDataImpl.processTableResultSet(InformationExtractorJdbcDatabaseMetaDataImpl.java:65) ~[hibernate-core-6.6.11.Final.jar:6.6.11.Final]
	at org.hibernate.tool.schema.extract.internal.AbstractInformationExtractorImpl.getTables(AbstractInformationExtractorImpl.java:570) ~[hibernate-core-6.6.11.Final.jar:6.6.11.Final]
	at org.hibernate.tool.schema.extract.internal.DatabaseInformationImpl.getTablesInformation(DatabaseInformationImpl.java:122) ~[hibernate-core-6.6.11.Final.jar:6.6.11.Final]
	at org.hibernate.tool.schema.internal.GroupedSchemaMigratorImpl.performTablesMigration(GroupedSchemaMigratorImpl.java:72) ~[hibernate-core-6.6.11.Final.jar:6.6.11.Final]
	at org.hibernate.tool.schema.internal.AbstractSchemaMigrator.performMigration(AbstractSchemaMigrator.java:233) ~[hibernate-core-6.6.11.Final.jar:6.6.11.Final]
	at org.hibernate.tool.schema.internal.AbstractSchemaMigrator.doMigration(AbstractSchemaMigrator.java:112) ~[hibernate-core-6.6.11.Final.jar:6.6.11.Final]
	at org.hibernate.tool.schema.spi.SchemaManagementToolCoordinator.performDatabaseAction(SchemaManagementToolCoordinator.java:280) ~[hibernate-core-6.6.11.Final.jar:6.6.11.Final]
	at org.hibernate.tool.schema.spi.SchemaManagementToolCoordinator.lambda$process$5(SchemaManagementToolCoordinator.java:144) ~[hibernate-core-6.6.11.Final.jar:6.6.11.Final]
	at java.base/java.util.HashMap.forEach(HashMap.java:1421) ~[na:na]
	at org.hibernate.tool.schema.spi.SchemaManagementToolCoordinator.process(SchemaManagementToolCoordinator.java:141) ~[hibernate-core-6.6.11.Final.jar:6.6.11.Final]
	at org.hibernate.boot.internal.SessionFactoryObserverForSchemaExport.sessionFactoryCreated(SessionFactoryObserverForSchemaExport.java:37) ~[hibernate-core-6.6.11.Final.jar:6.6.11.Final]
	at org.hibernate.internal.SessionFactoryObserverChain.sessionFactoryCreated(SessionFactoryObserverChain.java:35) ~[hibernate-core-6.6.11.Final.jar:6.6.11.Final]
	at org.hibernate.internal.SessionFactoryImpl.<init>(SessionFactoryImpl.java:324) ~[hibernate-core-6.6.11.Final.jar:6.6.11.Final]
	at org.hibernate.boot.internal.SessionFactoryBuilderImpl.build(SessionFactoryBuilderImpl.java:463) ~[hibernate-core-6.6.11.Final.jar:6.6.11.Final]
	at org.hibernate.jpa.boot.internal.EntityManagerFactoryBuilderImpl.build(EntityManagerFactoryBuilderImpl.java:1517) ~[hibernate-core-6.6.11.Final.jar:6.6.11.Final]
	at org.springframework.orm.jpa.vendor.SpringHibernateJpaPersistenceProvider.createContainerEntityManagerFactory(SpringHibernateJpaPersistenceProvider.java:66) ~[spring-orm-6.2.5.jar:6.2.5]
	at org.springframework.orm.jpa.LocalContainerEntityManagerFactoryBean.createNativeEntityManagerFactory(LocalContainerEntityManagerFactoryBean.java:390) ~[spring-orm-6.2.5.jar:6.2.5]
	at org.springframework.orm.jpa.AbstractEntityManagerFactoryBean.buildNativeEntityManagerFactory(AbstractEntityManagerFactoryBean.java:419) ~[spring-orm-6.2.5.jar:6.2.5]
	... 22 common frames omitted
Caused by: com.mysql.cj.jdbc.exceptions.CommunicationsException: Communications link failure

The last packet sent successfully to the server was 0 milliseconds ago. The driver has not received any packets from the server.
	at com.mysql.cj.jdbc.exceptions.SQLError.createCommunicationsException(SQLError.java:165) ~[mysql-connector-j-9.1.0.jar:9.1.0]
	at com.mysql.cj.jdbc.exceptions.SQLExceptionsMapping.translateException(SQLExceptionsMapping.java:55) ~[mysql-connector-j-9.1.0.jar:9.1.0]
	at com.mysql.cj.jdbc.ConnectionImpl.createNewIO(ConnectionImpl.java:837) ~[mysql-connector-j-9.1.0.jar:9.1.0]
	at com.mysql.cj.jdbc.ConnectionImpl.<init>(ConnectionImpl.java:420) ~[mysql-connector-j-9.1.0.jar:9.1.0]
	at com.mysql.cj.jdbc.ConnectionImpl.getInstance(ConnectionImpl.java:238) ~[mysql-connector-j-9.1.0.jar:9.1.0]
	at com.mysql.cj.jdbc.NonRegisteringDriver.connect(NonRegisteringDriver.java:180) ~[mysql-connector-j-9.1.0.jar:9.1.0]
	at com.zaxxer.hikari.util.DriverDataSource.getConnection(DriverDataSource.java:137) ~[HikariCP-5.1.0.jar:na]
	at com.zaxxer.hikari.pool.PoolBase.newConnection(PoolBase.java:360) ~[HikariCP-5.1.0.jar:na]
	at com.zaxxer.hikari.pool.PoolBase.newPoolEntry(PoolBase.java:202) ~[HikariCP-5.1.0.jar:na]
	at com.zaxxer.hikari.pool.HikariPool.createPoolEntry(HikariPool.java:461) ~[HikariCP-5.1.0.jar:na]
	at com.zaxxer.hikari.pool.HikariPool.checkFailFast(HikariPool.java:550) ~[HikariCP-5.1.0.jar:na]
	at com.zaxxer.hikari.pool.HikariPool.<init>(HikariPool.java:98) ~[HikariCP-5.1.0.jar:na]
	at com.zaxxer.hikari.HikariDataSource.getConnection(HikariDataSource.java:111) ~[HikariCP-5.1.0.jar:na]
	at org.hibernate.engine.jdbc.connections.internal.DatasourceConnectionProviderImpl.getConnection(DatasourceConnectionProviderImpl.java:126) ~[hibernate-core-6.6.11.Final.jar:6.6.11.Final]
	at org.hibernate.engine.jdbc.env.internal.JdbcEnvironmentInitiator$ConnectionProviderJdbcConnectionAccess.obtainConnection(JdbcEnvironmentInitiator.java:467) ~[hibernate-core-6.6.11.Final.jar:6.6.11.Final]
	at org.hibernate.resource.transaction.backend.jdbc.internal.DdlTransactionIsolatorNonJtaImpl.getIsolatedConnection(DdlTransactionIsolatorNonJtaImpl.java:46) ~[hibernate-core-6.6.11.Final.jar:6.6.11.Final]
	... 43 common frames omitted
Caused by: com.mysql.cj.exceptions.CJCommunicationsException: Communications link failure

The last packet sent successfully to the server was 0 milliseconds ago. The driver has not received any packets from the server.
	at java.base/jdk.internal.reflect.DirectConstructorHandleAccessor.newInstance(DirectConstructorHandleAccessor.java:67) ~[na:na]
	at java.base/java.lang.reflect.Constructor.newInstanceWithCaller(Constructor.java:499) ~[na:na]
	at java.base/java.lang.reflect.Constructor.newInstance(Constructor.java:483) ~[na:na]
	at com.mysql.cj.exceptions.ExceptionFactory.createException(ExceptionFactory.java:52) ~[mysql-connector-j-9.1.0.jar:9.1.0]
	at com.mysql.cj.exceptions.ExceptionFactory.createException(ExceptionFactory.java:95) ~[mysql-connector-j-9.1.0.jar:9.1.0]
	at com.mysql.cj.exceptions.ExceptionFactory.createException(ExceptionFactory.java:140) ~[mysql-connector-j-9.1.0.jar:9.1.0]
	at com.mysql.cj.exceptions.ExceptionFactory.createCommunicationsException(ExceptionFactory.java:156) ~[mysql-connector-j-9.1.0.jar:9.1.0]
	at com.mysql.cj.protocol.a.NativeSocketConnection.connect(NativeSocketConnection.java:79) ~[mysql-connector-j-9.1.0.jar:9.1.0]
	at com.mysql.cj.NativeSession.connect(NativeSession.java:142) ~[mysql-connector-j-9.1.0.jar:9.1.0]
	at com.mysql.cj.jdbc.ConnectionImpl.connectOneTryOnly(ConnectionImpl.java:961) ~[mysql-connector-j-9.1.0.jar:9.1.0]
	at com.mysql.cj.jdbc.ConnectionImpl.createNewIO(ConnectionImpl.java:825) ~[mysql-connector-j-9.1.0.jar:9.1.0]
	... 56 common frames omitted
Caused by: java.net.ConnectException: Connection refused
	at java.base/sun.nio.ch.Net.pollConnect(Native Method) ~[na:na]
	at java.base/sun.nio.ch.Net.pollConnectNow(Net.java:672) ~[na:na]
	at java.base/sun.nio.ch.NioSocketImpl.timedFinishConnect(NioSocketImpl.java:546) ~[na:na]
	at java.base/sun.nio.ch.NioSocketImpl.connect(NioSocketImpl.java:594) ~[na:na]
	at java.base/java.net.SocksSocketImpl.connect(SocksSocketImpl.java:327) ~[na:na]
	at java.base/java.net.Socket.connect(Socket.java:633) ~[na:na]
	at com.mysql.cj.protocol.StandardSocketFactory.connect(StandardSocketFactory.java:144) ~[mysql-connector-j-9.1.0.jar:9.1.0]
	at com.mysql.cj.protocol.a.NativeSocketConnection.connect(NativeSocketConnection.java:53) ~[mysql-connector-j-9.1.0.jar:9.1.0]
	... 59 common frames omitted

2025-04-17T03:23:26.519+03:00  INFO 75615 --- [telegram-bot-manager2] [restartedMain] c.t.TelegramProposalBotApplication       : Starting TelegramProposalBotApplication using Java 18.0.2.1 with PID 75615 (/Users/danil/Documents/work/bot/telegram-bot-manager2/target/classes started by danil in /Users/danil/Documents/work/bot/telegram-bot-manager2)
2025-04-17T03:23:26.521+03:00 DEBUG 75615 --- [telegram-bot-manager2] [restartedMain] c.t.TelegramProposalBotApplication       : Running with Spring Boot v3.4.4, Spring v6.2.5
2025-04-17T03:23:26.522+03:00  INFO 75615 --- [telegram-bot-manager2] [restartedMain] c.t.TelegramProposalBotApplication       : No active profile set, falling back to 1 default profile: "default"
2025-04-17T03:23:26.573+03:00  INFO 75615 --- [telegram-bot-manager2] [restartedMain] .e.DevToolsPropertyDefaultsPostProcessor : Devtools property defaults active! Set 'spring.devtools.add-properties' to 'false' to disable
2025-04-17T03:23:26.573+03:00  INFO 75615 --- [telegram-bot-manager2] [restartedMain] .e.DevToolsPropertyDefaultsPostProcessor : For additional web related logging consider setting the 'logging.level.web' property to 'DEBUG'
2025-04-17T03:23:27.430+03:00  INFO 75615 --- [telegram-bot-manager2] [restartedMain] .s.d.r.c.RepositoryConfigurationDelegate : Bootstrapping Spring Data JPA repositories in DEFAULT mode.
2025-04-17T03:23:27.504+03:00  INFO 75615 --- [telegram-bot-manager2] [restartedMain] .s.d.r.c.RepositoryConfigurationDelegate : Finished Spring Data repository scanning in 66 ms. Found 6 JPA repository interfaces.
2025-04-17T03:23:28.090+03:00  INFO 75615 --- [telegram-bot-manager2] [restartedMain] o.s.b.w.embedded.tomcat.TomcatWebServer  : Tomcat initialized with port 8080 (http)
2025-04-17T03:23:28.103+03:00  INFO 75615 --- [telegram-bot-manager2] [restartedMain] o.apache.catalina.core.StandardService   : Starting service [Tomcat]
2025-04-17T03:23:28.104+03:00  INFO 75615 --- [telegram-bot-manager2] [restartedMain] o.apache.catalina.core.StandardEngine    : Starting Servlet engine: [Apache Tomcat/10.1.39]
2025-04-17T03:23:28.134+03:00  INFO 75615 --- [telegram-bot-manager2] [restartedMain] o.a.c.c.C.[Tomcat].[localhost].[/]       : Initializing Spring embedded WebApplicationContext
2025-04-17T03:23:28.134+03:00  INFO 75615 --- [telegram-bot-manager2] [restartedMain] w.s.c.ServletWebServerApplicationContext : Root WebApplicationContext: initialization completed in 1560 ms
2025-04-17T03:23:28.283+03:00  INFO 75615 --- [telegram-bot-manager2] [restartedMain] o.hibernate.jpa.internal.util.LogHelper  : HHH000204: Processing PersistenceUnitInfo [name: default]
2025-04-17T03:23:28.330+03:00  INFO 75615 --- [telegram-bot-manager2] [restartedMain] org.hibernate.Version                    : HHH000412: Hibernate ORM core version 6.6.11.Final
2025-04-17T03:23:28.361+03:00  INFO 75615 --- [telegram-bot-manager2] [restartedMain] o.h.c.internal.RegionFactoryInitiator    : HHH000026: Second-level cache disabled
2025-04-17T03:23:28.583+03:00  INFO 75615 --- [telegram-bot-manager2] [restartedMain] o.s.o.j.p.SpringPersistenceUnitInfo      : No LoadTimeWeaver setup: ignoring JPA class transformer
2025-04-17T03:23:28.603+03:00  INFO 75615 --- [telegram-bot-manager2] [restartedMain] com.zaxxer.hikari.HikariDataSource       : HikariPool-1 - Starting...
2025-04-17T03:23:28.753+03:00  INFO 75615 --- [telegram-bot-manager2] [restartedMain] com.zaxxer.hikari.pool.HikariPool        : HikariPool-1 - Added connection com.mysql.cj.jdbc.ConnectionImpl@1f611921
2025-04-17T03:23:28.754+03:00  INFO 75615 --- [telegram-bot-manager2] [restartedMain] com.zaxxer.hikari.HikariDataSource       : HikariPool-1 - Start completed.
2025-04-17T03:23:28.838+03:00  WARN 75615 --- [telegram-bot-manager2] [restartedMain] org.hibernate.orm.deprecation            : HHH90000025: MySQL8Dialect does not need to be specified explicitly using 'hibernate.dialect' (remove the property setting and it will be selected by default)
2025-04-17T03:23:28.839+03:00  WARN 75615 --- [telegram-bot-manager2] [restartedMain] org.hibernate.orm.deprecation            : HHH90000026: MySQL8Dialect has been deprecated; use org.hibernate.dialect.MySQLDialect instead
2025-04-17T03:23:28.862+03:00  INFO 75615 --- [telegram-bot-manager2] [restartedMain] org.hibernate.orm.connections.pooling    : HHH10001005: Database info:
	Database JDBC URL [Connecting through datasource 'HikariDataSource (HikariPool-1)']
	Database driver: undefined/unknown
	Database version: 8.0
	Autocommit mode: undefined/unknown
	Isolation level: undefined/unknown
	Minimum pool size: undefined/unknown
	Maximum pool size: undefined/unknown
2025-04-17T03:23:29.596+03:00  INFO 75615 --- [telegram-bot-manager2] [restartedMain] o.h.e.t.j.p.i.JtaPlatformInitiator       : HHH000489: No JTA platform available (set 'hibernate.transaction.jta.platform' to enable JTA platform integration)
2025-04-17T03:23:29.753+03:00  INFO 75615 --- [telegram-bot-manager2] [restartedMain] j.LocalContainerEntityManagerFactoryBean : Initialized JPA EntityManagerFactory for persistence unit 'default'
2025-04-17T03:23:30.328+03:00  INFO 75615 --- [telegram-bot-manager2] [restartedMain] o.s.d.j.r.query.QueryEnhancerFactory     : Hibernate is in classpath; If applicable, HQL parser will be used.
2025-04-17T03:23:31.158+03:00  WARN 75615 --- [telegram-bot-manager2] [restartedMain] JpaBaseConfiguration$JpaWebConfiguration : spring.jpa.open-in-view is enabled by default. Therefore, database queries may be performed during view rendering. Explicitly configure spring.jpa.open-in-view to disable this warning
2025-04-17T03:23:31.363+03:00  WARN 75615 --- [telegram-bot-manager2] [restartedMain] ion$DefaultTemplateResolverConfiguration : Cannot find template location: classpath:/templates/ (please add some templates, check your Thymeleaf configuration, or set spring.thymeleaf.check-template-location=false)
2025-04-17T03:23:31.515+03:00  INFO 75615 --- [telegram-bot-manager2] [restartedMain] o.s.b.d.a.OptionalLiveReloadServer       : LiveReload server is running on port 35729
2025-04-17T03:23:31.563+03:00  INFO 75615 --- [telegram-bot-manager2] [restartedMain] o.s.b.w.embedded.tomcat.TomcatWebServer  : Tomcat started on port 8080 (http) with context path '/'
2025-04-17T03:23:31.577+03:00  INFO 75615 --- [telegram-bot-manager2] [restartedMain] c.t.TelegramProposalBotApplication       : Started TelegramProposalBotApplication in 5.648 seconds (process running for 6.662)
2025-04-17T03:28:05.134+03:00  INFO 75615 --- [telegram-bot-manager2] [SpringApplicationShutdownHook] o.s.b.w.e.tomcat.GracefulShutdown        : Commencing graceful shutdown. Waiting for active requests to complete
2025-04-17T03:28:05.207+03:00  INFO 75615 --- [telegram-bot-manager2] [tomcat-shutdown] o.s.b.w.e.tomcat.GracefulShutdown        : Graceful shutdown complete
2025-04-17T03:28:05.236+03:00  INFO 75615 --- [telegram-bot-manager2] [SpringApplicationShutdownHook] j.LocalContainerEntityManagerFactoryBean : Closing JPA EntityManagerFactory for persistence unit 'default'
2025-04-17T03:28:05.255+03:00  INFO 75615 --- [telegram-bot-manager2] [SpringApplicationShutdownHook] com.zaxxer.hikari.HikariDataSource       : HikariPool-1 - Shutdown initiated...
2025-04-17T03:28:05.285+03:00  INFO 75615 --- [telegram-bot-manager2] [SpringApplicationShutdownHook] com.zaxxer.hikari.HikariDataSource       : HikariPool-1 - Shutdown completed.
2025-04-17T03:28:20.039+03:00  INFO 78925 --- [telegram-bot-manager2] [restartedMain] c.t.TelegramProposalBotApplication       : Starting TelegramProposalBotApplication using Java 18.0.2.1 with PID 78925 (/Users/danil/Documents/work/bot/telegram-bot-manager2/target/classes started by danil in /Users/danil/Documents/work/bot/telegram-bot-manager2)
2025-04-17T03:28:20.042+03:00 DEBUG 78925 --- [telegram-bot-manager2] [restartedMain] c.t.TelegramProposalBotApplication       : Running with Spring Boot v3.4.4, Spring v6.2.5
2025-04-17T03:28:20.044+03:00  INFO 78925 --- [telegram-bot-manager2] [restartedMain] c.t.TelegramProposalBotApplication       : No active profile set, falling back to 1 default profile: "default"
2025-04-17T03:28:20.096+03:00  INFO 78925 --- [telegram-bot-manager2] [restartedMain] .e.DevToolsPropertyDefaultsPostProcessor : Devtools property defaults active! Set 'spring.devtools.add-properties' to 'false' to disable
2025-04-17T03:28:20.096+03:00  INFO 78925 --- [telegram-bot-manager2] [restartedMain] .e.DevToolsPropertyDefaultsPostProcessor : For additional web related logging consider setting the 'logging.level.web' property to 'DEBUG'
2025-04-17T03:28:20.985+03:00  INFO 78925 --- [telegram-bot-manager2] [restartedMain] .s.d.r.c.RepositoryConfigurationDelegate : Bootstrapping Spring Data JPA repositories in DEFAULT mode.
2025-04-17T03:28:21.049+03:00  INFO 78925 --- [telegram-bot-manager2] [restartedMain] .s.d.r.c.RepositoryConfigurationDelegate : Finished Spring Data repository scanning in 56 ms. Found 6 JPA repository interfaces.
2025-04-17T03:28:21.605+03:00  INFO 78925 --- [telegram-bot-manager2] [restartedMain] o.s.b.w.embedded.tomcat.TomcatWebServer  : Tomcat initialized with port 8080 (http)
2025-04-17T03:28:21.614+03:00  INFO 78925 --- [telegram-bot-manager2] [restartedMain] o.apache.catalina.core.StandardService   : Starting service [Tomcat]
2025-04-17T03:28:21.615+03:00  INFO 78925 --- [telegram-bot-manager2] [restartedMain] o.apache.catalina.core.StandardEngine    : Starting Servlet engine: [Apache Tomcat/10.1.39]
2025-04-17T03:28:21.643+03:00  INFO 78925 --- [telegram-bot-manager2] [restartedMain] o.a.c.c.C.[Tomcat].[localhost].[/]       : Initializing Spring embedded WebApplicationContext
2025-04-17T03:28:21.643+03:00  INFO 78925 --- [telegram-bot-manager2] [restartedMain] w.s.c.ServletWebServerApplicationContext : Root WebApplicationContext: initialization completed in 1547 ms
2025-04-17T03:28:21.784+03:00  INFO 78925 --- [telegram-bot-manager2] [restartedMain] o.hibernate.jpa.internal.util.LogHelper  : HHH000204: Processing PersistenceUnitInfo [name: default]
2025-04-17T03:28:21.816+03:00  INFO 78925 --- [telegram-bot-manager2] [restartedMain] org.hibernate.Version                    : HHH000412: Hibernate ORM core version 6.6.11.Final
2025-04-17T03:28:21.839+03:00  INFO 78925 --- [telegram-bot-manager2] [restartedMain] o.h.c.internal.RegionFactoryInitiator    : HHH000026: Second-level cache disabled
2025-04-17T03:28:22.060+03:00  INFO 78925 --- [telegram-bot-manager2] [restartedMain] o.s.o.j.p.SpringPersistenceUnitInfo      : No LoadTimeWeaver setup: ignoring JPA class transformer
2025-04-17T03:28:22.079+03:00  INFO 78925 --- [telegram-bot-manager2] [restartedMain] com.zaxxer.hikari.HikariDataSource       : HikariPool-1 - Starting...
2025-04-17T03:28:22.215+03:00  INFO 78925 --- [telegram-bot-manager2] [restartedMain] com.zaxxer.hikari.pool.HikariPool        : HikariPool-1 - Added connection com.mysql.cj.jdbc.ConnectionImpl@18f7fe2d
2025-04-17T03:28:22.217+03:00  INFO 78925 --- [telegram-bot-manager2] [restartedMain] com.zaxxer.hikari.HikariDataSource       : HikariPool-1 - Start completed.
2025-04-17T03:28:22.276+03:00  WARN 78925 --- [telegram-bot-manager2] [restartedMain] org.hibernate.orm.deprecation            : HHH90000025: MySQL8Dialect does not need to be specified explicitly using 'hibernate.dialect' (remove the property setting and it will be selected by default)
2025-04-17T03:28:22.277+03:00  WARN 78925 --- [telegram-bot-manager2] [restartedMain] org.hibernate.orm.deprecation            : HHH90000026: MySQL8Dialect has been deprecated; use org.hibernate.dialect.MySQLDialect instead
2025-04-17T03:28:22.302+03:00  INFO 78925 --- [telegram-bot-manager2] [restartedMain] org.hibernate.orm.connections.pooling    : HHH10001005: Database info:
	Database JDBC URL [Connecting through datasource 'HikariDataSource (HikariPool-1)']
	Database driver: undefined/unknown
	Database version: 8.0
	Autocommit mode: undefined/unknown
	Isolation level: undefined/unknown
	Minimum pool size: undefined/unknown
	Maximum pool size: undefined/unknown
2025-04-17T03:28:23.022+03:00  INFO 78925 --- [telegram-bot-manager2] [restartedMain] o.h.e.t.j.p.i.JtaPlatformInitiator       : HHH000489: No JTA platform available (set 'hibernate.transaction.jta.platform' to enable JTA platform integration)
2025-04-17T03:28:23.086+03:00  INFO 78925 --- [telegram-bot-manager2] [restartedMain] j.LocalContainerEntityManagerFactoryBean : Initialized JPA EntityManagerFactory for persistence unit 'default'
2025-04-17T03:28:23.615+03:00  INFO 78925 --- [telegram-bot-manager2] [restartedMain] o.s.d.j.r.query.QueryEnhancerFactory     : Hibernate is in classpath; If applicable, HQL parser will be used.
2025-04-17T03:28:24.344+03:00  WARN 78925 --- [telegram-bot-manager2] [restartedMain] JpaBaseConfiguration$JpaWebConfiguration : spring.jpa.open-in-view is enabled by default. Therefore, database queries may be performed during view rendering. Explicitly configure spring.jpa.open-in-view to disable this warning
2025-04-17T03:28:24.655+03:00  WARN 78925 --- [telegram-bot-manager2] [restartedMain] ion$DefaultTemplateResolverConfiguration : Cannot find template location: classpath:/templates/ (please add some templates, check your Thymeleaf configuration, or set spring.thymeleaf.check-template-location=false)
2025-04-17T03:28:24.804+03:00  INFO 78925 --- [telegram-bot-manager2] [restartedMain] o.s.b.d.a.OptionalLiveReloadServer       : LiveReload server is running on port 35729
2025-04-17T03:28:24.844+03:00  INFO 78925 --- [telegram-bot-manager2] [restartedMain] o.s.b.w.embedded.tomcat.TomcatWebServer  : Tomcat started on port 8080 (http) with context path '/'
2025-04-17T03:28:24.858+03:00  INFO 78925 --- [telegram-bot-manager2] [restartedMain] c.t.TelegramProposalBotApplication       : Started TelegramProposalBotApplication in 5.394 seconds (process running for 6.455)
2025-04-17T03:30:03.451+03:00  INFO 78925 --- [telegram-bot-manager2] [SpringApplicationShutdownHook] o.s.b.w.e.tomcat.GracefulShutdown        : Commencing graceful shutdown. Waiting for active requests to complete
2025-04-17T03:30:03.468+03:00  INFO 78925 --- [telegram-bot-manager2] [tomcat-shutdown] o.s.b.w.e.tomcat.GracefulShutdown        : Graceful shutdown complete
2025-04-17T03:30:03.478+03:00  INFO 78925 --- [telegram-bot-manager2] [SpringApplicationShutdownHook] j.LocalContainerEntityManagerFactoryBean : Closing JPA EntityManagerFactory for persistence unit 'default'
2025-04-17T03:30:03.487+03:00  INFO 78925 --- [telegram-bot-manager2] [SpringApplicationShutdownHook] com.zaxxer.hikari.HikariDataSource       : HikariPool-1 - Shutdown initiated...
2025-04-17T03:30:03.499+03:00  INFO 78925 --- [telegram-bot-manager2] [SpringApplicationShutdownHook] com.zaxxer.hikari.HikariDataSource       : HikariPool-1 - Shutdown completed.
2025-04-17T03:30:08.163+03:00  INFO 80104 --- [telegram-bot-manager2] [restartedMain] c.t.TelegramProposalBotApplication       : Starting TelegramProposalBotApplication using Java 18.0.2.1 with PID 80104 (/Users/danil/Documents/work/bot/telegram-bot-manager2/target/classes started by danil in /Users/danil/Documents/work/bot/telegram-bot-manager2)
2025-04-17T03:30:08.165+03:00 DEBUG 80104 --- [telegram-bot-manager2] [restartedMain] c.t.TelegramProposalBotApplication       : Running with Spring Boot v3.4.4, Spring v6.2.5
2025-04-17T03:30:08.167+03:00  INFO 80104 --- [telegram-bot-manager2] [restartedMain] c.t.TelegramProposalBotApplication       : No active profile set, falling back to 1 default profile: "default"
2025-04-17T03:30:08.222+03:00  INFO 80104 --- [telegram-bot-manager2] [restartedMain] .e.DevToolsPropertyDefaultsPostProcessor : Devtools property defaults active! Set 'spring.devtools.add-properties' to 'false' to disable
2025-04-17T03:30:08.223+03:00  INFO 80104 --- [telegram-bot-manager2] [restartedMain] .e.DevToolsPropertyDefaultsPostProcessor : For additional web related logging consider setting the 'logging.level.web' property to 'DEBUG'
2025-04-17T03:30:09.006+03:00  INFO 80104 --- [telegram-bot-manager2] [restartedMain] .s.d.r.c.RepositoryConfigurationDelegate : Bootstrapping Spring Data JPA repositories in DEFAULT mode.
2025-04-17T03:30:09.072+03:00  INFO 80104 --- [telegram-bot-manager2] [restartedMain] .s.d.r.c.RepositoryConfigurationDelegate : Finished Spring Data repository scanning in 56 ms. Found 6 JPA repository interfaces.
2025-04-17T03:30:09.624+03:00  INFO 80104 --- [telegram-bot-manager2] [restartedMain] o.s.b.w.embedded.tomcat.TomcatWebServer  : Tomcat initialized with port 8080 (http)
2025-04-17T03:30:09.634+03:00  INFO 80104 --- [telegram-bot-manager2] [restartedMain] o.apache.catalina.core.StandardService   : Starting service [Tomcat]
2025-04-17T03:30:09.634+03:00  INFO 80104 --- [telegram-bot-manager2] [restartedMain] o.apache.catalina.core.StandardEngine    : Starting Servlet engine: [Apache Tomcat/10.1.39]
2025-04-17T03:30:09.663+03:00  INFO 80104 --- [telegram-bot-manager2] [restartedMain] o.a.c.c.C.[Tomcat].[localhost].[/]       : Initializing Spring embedded WebApplicationContext
2025-04-17T03:30:09.664+03:00  INFO 80104 --- [telegram-bot-manager2] [restartedMain] w.s.c.ServletWebServerApplicationContext : Root WebApplicationContext: initialization completed in 1441 ms
2025-04-17T03:30:09.792+03:00  INFO 80104 --- [telegram-bot-manager2] [restartedMain] o.hibernate.jpa.internal.util.LogHelper  : HHH000204: Processing PersistenceUnitInfo [name: default]
2025-04-17T03:30:09.827+03:00  INFO 80104 --- [telegram-bot-manager2] [restartedMain] org.hibernate.Version                    : HHH000412: Hibernate ORM core version 6.6.11.Final
2025-04-17T03:30:09.848+03:00  INFO 80104 --- [telegram-bot-manager2] [restartedMain] o.h.c.internal.RegionFactoryInitiator    : HHH000026: Second-level cache disabled
2025-04-17T03:30:10.061+03:00  INFO 80104 --- [telegram-bot-manager2] [restartedMain] o.s.o.j.p.SpringPersistenceUnitInfo      : No LoadTimeWeaver setup: ignoring JPA class transformer
2025-04-17T03:30:10.079+03:00  INFO 80104 --- [telegram-bot-manager2] [restartedMain] com.zaxxer.hikari.HikariDataSource       : HikariPool-1 - Starting...
2025-04-17T03:30:10.187+03:00  INFO 80104 --- [telegram-bot-manager2] [restartedMain] com.zaxxer.hikari.pool.HikariPool        : HikariPool-1 - Added connection com.mysql.cj.jdbc.ConnectionImpl@1c3768e5
2025-04-17T03:30:10.189+03:00  INFO 80104 --- [telegram-bot-manager2] [restartedMain] com.zaxxer.hikari.HikariDataSource       : HikariPool-1 - Start completed.
2025-04-17T03:30:10.231+03:00  WARN 80104 --- [telegram-bot-manager2] [restartedMain] org.hibernate.orm.deprecation            : HHH90000025: MySQL8Dialect does not need to be specified explicitly using 'hibernate.dialect' (remove the property setting and it will be selected by default)
2025-04-17T03:30:10.232+03:00  WARN 80104 --- [telegram-bot-manager2] [restartedMain] org.hibernate.orm.deprecation            : HHH90000026: MySQL8Dialect has been deprecated; use org.hibernate.dialect.MySQLDialect instead
2025-04-17T03:30:10.253+03:00  INFO 80104 --- [telegram-bot-manager2] [restartedMain] org.hibernate.orm.connections.pooling    : HHH10001005: Database info:
	Database JDBC URL [Connecting through datasource 'HikariDataSource (HikariPool-1)']
	Database driver: undefined/unknown
	Database version: 8.0
	Autocommit mode: undefined/unknown
	Isolation level: undefined/unknown
	Minimum pool size: undefined/unknown
	Maximum pool size: undefined/unknown
2025-04-17T03:30:10.958+03:00  INFO 80104 --- [telegram-bot-manager2] [restartedMain] o.h.e.t.j.p.i.JtaPlatformInitiator       : HHH000489: No JTA platform available (set 'hibernate.transaction.jta.platform' to enable JTA platform integration)
2025-04-17T03:30:11.019+03:00  INFO 80104 --- [telegram-bot-manager2] [restartedMain] j.LocalContainerEntityManagerFactoryBean : Initialized JPA EntityManagerFactory for persistence unit 'default'
2025-04-17T03:30:11.555+03:00  INFO 80104 --- [telegram-bot-manager2] [restartedMain] o.s.d.j.r.query.QueryEnhancerFactory     : Hibernate is in classpath; If applicable, HQL parser will be used.
2025-04-17T03:30:12.262+03:00  WARN 80104 --- [telegram-bot-manager2] [restartedMain] JpaBaseConfiguration$JpaWebConfiguration : spring.jpa.open-in-view is enabled by default. Therefore, database queries may be performed during view rendering. Explicitly configure spring.jpa.open-in-view to disable this warning
2025-04-17T03:30:12.435+03:00  WARN 80104 --- [telegram-bot-manager2] [restartedMain] ion$DefaultTemplateResolverConfiguration : Cannot find template location: classpath:/templates/ (please add some templates, check your Thymeleaf configuration, or set spring.thymeleaf.check-template-location=false)
2025-04-17T03:30:12.581+03:00  INFO 80104 --- [telegram-bot-manager2] [restartedMain] o.s.b.d.a.OptionalLiveReloadServer       : LiveReload server is running on port 35729
2025-04-17T03:30:12.614+03:00  INFO 80104 --- [telegram-bot-manager2] [restartedMain] o.s.b.w.embedded.tomcat.TomcatWebServer  : Tomcat started on port 8080 (http) with context path '/'
2025-04-17T03:30:12.634+03:00  INFO 80104 --- [telegram-bot-manager2] [restartedMain] c.t.TelegramProposalBotApplication       : Started TelegramProposalBotApplication in 5.17 seconds (process running for 6.002)
2025-04-17T03:32:56.270+03:00  INFO 80104 --- [telegram-bot-manager2] [File Watcher] rtingClassPathChangeChangedEventListener : Restarting due to 1 class path change (0 additions, 1 deletion, 0 modifications)
2025-04-17T03:32:56.385+03:00  INFO 80104 --- [telegram-bot-manager2] [Thread-5] o.s.b.w.e.tomcat.GracefulShutdown        : Commencing graceful shutdown. Waiting for active requests to complete
2025-04-17T03:32:56.489+03:00  INFO 80104 --- [telegram-bot-manager2] [tomcat-shutdown] o.s.b.w.e.tomcat.GracefulShutdown        : Graceful shutdown complete
2025-04-17T03:32:56.533+03:00  INFO 80104 --- [telegram-bot-manager2] [Thread-5] j.LocalContainerEntityManagerFactoryBean : Closing JPA EntityManagerFactory for persistence unit 'default'
2025-04-17T03:32:56.557+03:00  INFO 80104 --- [telegram-bot-manager2] [Thread-5] com.zaxxer.hikari.HikariDataSource       : HikariPool-1 - Shutdown initiated...
2025-04-17T03:32:56.595+03:00  INFO 80104 --- [telegram-bot-manager2] [Thread-5] com.zaxxer.hikari.HikariDataSource       : HikariPool-1 - Shutdown completed.
2025-04-17T03:32:56.947+03:00  INFO 80104 --- [telegram-bot-manager2] [restartedMain] c.t.TelegramProposalBotApplication       : Starting TelegramProposalBotApplication using Java 18.0.2.1 with PID 80104 (/Users/danil/Documents/work/bot/telegram-bot-manager2/target/classes started by danil in /Users/danil/Documents/work/bot/telegram-bot-manager2)
2025-04-17T03:32:56.947+03:00 DEBUG 80104 --- [telegram-bot-manager2] [restartedMain] c.t.TelegramProposalBotApplication       : Running with Spring Boot v3.4.4, Spring v6.2.5
2025-04-17T03:32:56.948+03:00  INFO 80104 --- [telegram-bot-manager2] [restartedMain] c.t.TelegramProposalBotApplication       : No active profile set, falling back to 1 default profile: "default"
2025-04-17T03:32:57.294+03:00  INFO 80104 --- [telegram-bot-manager2] [restartedMain] .s.d.r.c.RepositoryConfigurationDelegate : Bootstrapping Spring Data JPA repositories in DEFAULT mode.
2025-04-17T03:32:57.319+03:00  INFO 80104 --- [telegram-bot-manager2] [restartedMain] .s.d.r.c.RepositoryConfigurationDelegate : Finished Spring Data repository scanning in 24 ms. Found 6 JPA repository interfaces.
2025-04-17T03:32:57.494+03:00  INFO 80104 --- [telegram-bot-manager2] [restartedMain] o.s.b.w.embedded.tomcat.TomcatWebServer  : Tomcat initialized with port 8080 (http)
2025-04-17T03:32:57.496+03:00  INFO 80104 --- [telegram-bot-manager2] [restartedMain] o.apache.catalina.core.StandardService   : Starting service [Tomcat]
2025-04-17T03:32:57.497+03:00  INFO 80104 --- [telegram-bot-manager2] [restartedMain] o.apache.catalina.core.StandardEngine    : Starting Servlet engine: [Apache Tomcat/10.1.39]
2025-04-17T03:32:57.519+03:00  INFO 80104 --- [telegram-bot-manager2] [restartedMain] o.a.c.c.C.[Tomcat].[localhost].[/]       : Initializing Spring embedded WebApplicationContext
2025-04-17T03:32:57.522+03:00  INFO 80104 --- [telegram-bot-manager2] [restartedMain] w.s.c.ServletWebServerApplicationContext : Root WebApplicationContext: initialization completed in 568 ms
2025-04-17T03:32:57.588+03:00  INFO 80104 --- [telegram-bot-manager2] [restartedMain] o.hibernate.jpa.internal.util.LogHelper  : HHH000204: Processing PersistenceUnitInfo [name: default]
2025-04-17T03:32:57.592+03:00  INFO 80104 --- [telegram-bot-manager2] [restartedMain] o.h.c.internal.RegionFactoryInitiator    : HHH000026: Second-level cache disabled
2025-04-17T03:32:57.613+03:00  INFO 80104 --- [telegram-bot-manager2] [restartedMain] o.s.o.j.p.SpringPersistenceUnitInfo      : No LoadTimeWeaver setup: ignoring JPA class transformer
2025-04-17T03:32:57.614+03:00  INFO 80104 --- [telegram-bot-manager2] [restartedMain] com.zaxxer.hikari.HikariDataSource       : HikariPool-2 - Starting...
2025-04-17T03:32:57.653+03:00  INFO 80104 --- [telegram-bot-manager2] [restartedMain] com.zaxxer.hikari.pool.HikariPool        : HikariPool-2 - Added connection com.mysql.cj.jdbc.ConnectionImpl@4a487ac5
2025-04-17T03:32:57.654+03:00  INFO 80104 --- [telegram-bot-manager2] [restartedMain] com.zaxxer.hikari.HikariDataSource       : HikariPool-2 - Start completed.
2025-04-17T03:32:57.655+03:00  WARN 80104 --- [telegram-bot-manager2] [restartedMain] org.hibernate.orm.deprecation            : HHH90000025: MySQL8Dialect does not need to be specified explicitly using 'hibernate.dialect' (remove the property setting and it will be selected by default)
2025-04-17T03:32:57.655+03:00  WARN 80104 --- [telegram-bot-manager2] [restartedMain] org.hibernate.orm.deprecation            : HHH90000026: MySQL8Dialect has been deprecated; use org.hibernate.dialect.MySQLDialect instead
2025-04-17T03:32:57.656+03:00  INFO 80104 --- [telegram-bot-manager2] [restartedMain] org.hibernate.orm.connections.pooling    : HHH10001005: Database info:
	Database JDBC URL [Connecting through datasource 'HikariDataSource (HikariPool-2)']
	Database driver: undefined/unknown
	Database version: 8.0
	Autocommit mode: undefined/unknown
	Isolation level: undefined/unknown
	Minimum pool size: undefined/unknown
	Maximum pool size: undefined/unknown
2025-04-17T03:32:57.872+03:00  INFO 80104 --- [telegram-bot-manager2] [restartedMain] o.h.e.t.j.p.i.JtaPlatformInitiator       : HHH000489: No JTA platform available (set 'hibernate.transaction.jta.platform' to enable JTA platform integration)
2025-04-17T03:32:57.925+03:00  INFO 80104 --- [telegram-bot-manager2] [restartedMain] j.LocalContainerEntityManagerFactoryBean : Initialized JPA EntityManagerFactory for persistence unit 'default'
2025-04-17T03:32:58.278+03:00  WARN 80104 --- [telegram-bot-manager2] [restartedMain] JpaBaseConfiguration$JpaWebConfiguration : spring.jpa.open-in-view is enabled by default. Therefore, database queries may be performed during view rendering. Explicitly configure spring.jpa.open-in-view to disable this warning
2025-04-17T03:32:58.333+03:00  WARN 80104 --- [telegram-bot-manager2] [restartedMain] ion$DefaultTemplateResolverConfiguration : Cannot find template location: classpath:/templates/ (please add some templates, check your Thymeleaf configuration, or set spring.thymeleaf.check-template-location=false)
2025-04-17T03:32:58.381+03:00  INFO 80104 --- [telegram-bot-manager2] [restartedMain] o.s.b.d.a.OptionalLiveReloadServer       : LiveReload server is running on port 35729
2025-04-17T03:32:58.402+03:00  INFO 80104 --- [telegram-bot-manager2] [restartedMain] o.s.b.w.embedded.tomcat.TomcatWebServer  : Tomcat started on port 8080 (http) with context path '/'
2025-04-17T03:32:59.119+03:00  INFO 80104 --- [telegram-bot-manager2] [restartedMain] c.t.TelegramProposalBotApplication       : Started TelegramProposalBotApplication in 2.251 seconds (process running for 172.489)
2025-04-17T03:32:59.122+03:00  INFO 80104 --- [telegram-bot-manager2] [restartedMain] .ConditionEvaluationDeltaLoggingListener : Condition evaluation unchanged
2025-04-17T03:32:59.806+03:00  INFO 80104 --- [telegram-bot-manager2] [File Watcher] rtingClassPathChangeChangedEventListener : Restarting due to 2 class path changes (2 additions, 0 deletions, 0 modifications)
2025-04-17T03:32:59.809+03:00  INFO 80104 --- [telegram-bot-manager2] [Thread-7] o.s.b.w.e.tomcat.GracefulShutdown        : Commencing graceful shutdown. Waiting for active requests to complete
2025-04-17T03:32:59.819+03:00  INFO 80104 --- [telegram-bot-manager2] [tomcat-shutdown] o.s.b.w.e.tomcat.GracefulShutdown        : Graceful shutdown complete
2025-04-17T03:32:59.824+03:00  INFO 80104 --- [telegram-bot-manager2] [Thread-7] j.LocalContainerEntityManagerFactoryBean : Closing JPA EntityManagerFactory for persistence unit 'default'
2025-04-17T03:32:59.830+03:00  INFO 80104 --- [telegram-bot-manager2] [Thread-7] com.zaxxer.hikari.HikariDataSource       : HikariPool-2 - Shutdown initiated...
2025-04-17T03:32:59.834+03:00  INFO 80104 --- [telegram-bot-manager2] [Thread-7] com.zaxxer.hikari.HikariDataSource       : HikariPool-2 - Shutdown completed.
2025-04-17T03:33:00.031+03:00  INFO 80104 --- [telegram-bot-manager2] [restartedMain] c.t.TelegramProposalBotApplication       : Starting TelegramProposalBotApplication using Java 18.0.2.1 with PID 80104 (/Users/danil/Documents/work/bot/telegram-bot-manager2/target/classes started by danil in /Users/danil/Documents/work/bot/telegram-bot-manager2)
2025-04-17T03:33:00.033+03:00 DEBUG 80104 --- [telegram-bot-manager2] [restartedMain] c.t.TelegramProposalBotApplication       : Running with Spring Boot v3.4.4, Spring v6.2.5
2025-04-17T03:33:00.035+03:00  INFO 80104 --- [telegram-bot-manager2] [restartedMain] c.t.TelegramProposalBotApplication       : No active profile set, falling back to 1 default profile: "default"
2025-04-17T03:33:00.352+03:00  INFO 80104 --- [telegram-bot-manager2] [restartedMain] .s.d.r.c.RepositoryConfigurationDelegate : Bootstrapping Spring Data JPA repositories in DEFAULT mode.
2025-04-17T03:33:00.370+03:00  INFO 80104 --- [telegram-bot-manager2] [restartedMain] .s.d.r.c.RepositoryConfigurationDelegate : Finished Spring Data repository scanning in 16 ms. Found 6 JPA repository interfaces.
2025-04-17T03:33:00.513+03:00  INFO 80104 --- [telegram-bot-manager2] [restartedMain] o.s.b.w.embedded.tomcat.TomcatWebServer  : Tomcat initialized with port 8080 (http)
2025-04-17T03:33:00.517+03:00  INFO 80104 --- [telegram-bot-manager2] [restartedMain] o.apache.catalina.core.StandardService   : Starting service [Tomcat]
2025-04-17T03:33:00.517+03:00  INFO 80104 --- [telegram-bot-manager2] [restartedMain] o.apache.catalina.core.StandardEngine    : Starting Servlet engine: [Apache Tomcat/10.1.39]
2025-04-17T03:33:00.532+03:00  INFO 80104 --- [telegram-bot-manager2] [restartedMain] o.a.c.c.C.[Tomcat].[localhost].[/]       : Initializing Spring embedded WebApplicationContext
2025-04-17T03:33:00.532+03:00  INFO 80104 --- [telegram-bot-manager2] [restartedMain] w.s.c.ServletWebServerApplicationContext : Root WebApplicationContext: initialization completed in 489 ms
2025-04-17T03:33:00.562+03:00  INFO 80104 --- [telegram-bot-manager2] [restartedMain] o.hibernate.jpa.internal.util.LogHelper  : HHH000204: Processing PersistenceUnitInfo [name: default]
2025-04-17T03:33:00.565+03:00  INFO 80104 --- [telegram-bot-manager2] [restartedMain] o.h.c.internal.RegionFactoryInitiator    : HHH000026: Second-level cache disabled
2025-04-17T03:33:00.578+03:00  INFO 80104 --- [telegram-bot-manager2] [restartedMain] o.s.o.j.p.SpringPersistenceUnitInfo      : No LoadTimeWeaver setup: ignoring JPA class transformer
2025-04-17T03:33:00.579+03:00  INFO 80104 --- [telegram-bot-manager2] [restartedMain] com.zaxxer.hikari.HikariDataSource       : HikariPool-3 - Starting...
2025-04-17T03:33:00.591+03:00  INFO 80104 --- [telegram-bot-manager2] [restartedMain] com.zaxxer.hikari.pool.HikariPool        : HikariPool-3 - Added connection com.mysql.cj.jdbc.ConnectionImpl@39b989f3
2025-04-17T03:33:00.591+03:00  INFO 80104 --- [telegram-bot-manager2] [restartedMain] com.zaxxer.hikari.HikariDataSource       : HikariPool-3 - Start completed.
2025-04-17T03:33:00.592+03:00  WARN 80104 --- [telegram-bot-manager2] [restartedMain] org.hibernate.orm.deprecation            : HHH90000025: MySQL8Dialect does not need to be specified explicitly using 'hibernate.dialect' (remove the property setting and it will be selected by default)
2025-04-17T03:33:00.592+03:00  WARN 80104 --- [telegram-bot-manager2] [restartedMain] org.hibernate.orm.deprecation            : HHH90000026: MySQL8Dialect has been deprecated; use org.hibernate.dialect.MySQLDialect instead
2025-04-17T03:33:00.593+03:00  INFO 80104 --- [telegram-bot-manager2] [restartedMain] org.hibernate.orm.connections.pooling    : HHH10001005: Database info:
	Database JDBC URL [Connecting through datasource 'HikariDataSource (HikariPool-3)']
	Database driver: undefined/unknown
	Database version: 8.0
	Autocommit mode: undefined/unknown
	Isolation level: undefined/unknown
	Minimum pool size: undefined/unknown
	Maximum pool size: undefined/unknown
2025-04-17T03:33:00.783+03:00  INFO 80104 --- [telegram-bot-manager2] [restartedMain] o.h.e.t.j.p.i.JtaPlatformInitiator       : HHH000489: No JTA platform available (set 'hibernate.transaction.jta.platform' to enable JTA platform integration)
2025-04-17T03:33:00.808+03:00  INFO 80104 --- [telegram-bot-manager2] [restartedMain] j.LocalContainerEntityManagerFactoryBean : Initialized JPA EntityManagerFactory for persistence unit 'default'
2025-04-17T03:33:01.207+03:00  WARN 80104 --- [telegram-bot-manager2] [restartedMain] JpaBaseConfiguration$JpaWebConfiguration : spring.jpa.open-in-view is enabled by default. Therefore, database queries may be performed during view rendering. Explicitly configure spring.jpa.open-in-view to disable this warning
2025-04-17T03:33:01.246+03:00  WARN 80104 --- [telegram-bot-manager2] [restartedMain] ion$DefaultTemplateResolverConfiguration : Cannot find template location: classpath:/templates/ (please add some templates, check your Thymeleaf configuration, or set spring.thymeleaf.check-template-location=false)
2025-04-17T03:33:01.273+03:00  INFO 80104 --- [telegram-bot-manager2] [restartedMain] o.s.b.d.a.OptionalLiveReloadServer       : LiveReload server is running on port 35729
2025-04-17T03:33:01.286+03:00  INFO 80104 --- [telegram-bot-manager2] [restartedMain] o.s.b.w.embedded.tomcat.TomcatWebServer  : Tomcat started on port 8080 (http) with context path '/'
2025-04-17T03:33:01.645+03:00  INFO 80104 --- [telegram-bot-manager2] [restartedMain] c.t.TelegramProposalBotApplication       : Started TelegramProposalBotApplication in 1.689 seconds (process running for 175.014)
2025-04-17T03:33:01.649+03:00  INFO 80104 --- [telegram-bot-manager2] [restartedMain] .ConditionEvaluationDeltaLoggingListener : Condition evaluation unchanged
2025-04-17T03:33:26.591+03:00  INFO 80104 --- [telegram-bot-manager2] [SpringApplicationShutdownHook] o.s.b.w.e.tomcat.GracefulShutdown        : Commencing graceful shutdown. Waiting for active requests to complete
2025-04-17T03:33:26.595+03:00  INFO 80104 --- [telegram-bot-manager2] [tomcat-shutdown] o.s.b.w.e.tomcat.GracefulShutdown        : Graceful shutdown complete
2025-04-17T03:33:26.599+03:00  INFO 80104 --- [telegram-bot-manager2] [SpringApplicationShutdownHook] j.LocalContainerEntityManagerFactoryBean : Closing JPA EntityManagerFactory for persistence unit 'default'
2025-04-17T03:33:26.601+03:00  INFO 80104 --- [telegram-bot-manager2] [SpringApplicationShutdownHook] com.zaxxer.hikari.HikariDataSource       : HikariPool-3 - Shutdown initiated...
2025-04-17T03:33:26.603+03:00  INFO 80104 --- [telegram-bot-manager2] [SpringApplicationShutdownHook] com.zaxxer.hikari.HikariDataSource       : HikariPool-3 - Shutdown completed.
2025-04-17T03:33:29.637+03:00  INFO 82342 --- [telegram-bot-manager2] [restartedMain] c.t.TelegramProposalBotApplication       : Starting TelegramProposalBotApplication using Java 18.0.2.1 with PID 82342 (/Users/danil/Documents/work/bot/telegram-bot-manager2/target/classes started by danil in /Users/danil/Documents/work/bot/telegram-bot-manager2)
2025-04-17T03:33:29.639+03:00 DEBUG 82342 --- [telegram-bot-manager2] [restartedMain] c.t.TelegramProposalBotApplication       : Running with Spring Boot v3.4.4, Spring v6.2.5
2025-04-17T03:33:29.641+03:00  INFO 82342 --- [telegram-bot-manager2] [restartedMain] c.t.TelegramProposalBotApplication       : No active profile set, falling back to 1 default profile: "default"
2025-04-17T03:33:29.719+03:00  INFO 82342 --- [telegram-bot-manager2] [restartedMain] .e.DevToolsPropertyDefaultsPostProcessor : Devtools property defaults active! Set 'spring.devtools.add-properties' to 'false' to disable
2025-04-17T03:33:29.720+03:00  INFO 82342 --- [telegram-bot-manager2] [restartedMain] .e.DevToolsPropertyDefaultsPostProcessor : For additional web related logging consider setting the 'logging.level.web' property to 'DEBUG'
2025-04-17T03:33:30.593+03:00  INFO 82342 --- [telegram-bot-manager2] [restartedMain] .s.d.r.c.RepositoryConfigurationDelegate : Bootstrapping Spring Data JPA repositories in DEFAULT mode.
2025-04-17T03:33:30.665+03:00  INFO 82342 --- [telegram-bot-manager2] [restartedMain] .s.d.r.c.RepositoryConfigurationDelegate : Finished Spring Data repository scanning in 64 ms. Found 6 JPA repository interfaces.
2025-04-17T03:33:31.236+03:00  INFO 82342 --- [telegram-bot-manager2] [restartedMain] o.s.b.w.embedded.tomcat.TomcatWebServer  : Tomcat initialized with port 8080 (http)
2025-04-17T03:33:31.246+03:00  INFO 82342 --- [telegram-bot-manager2] [restartedMain] o.apache.catalina.core.StandardService   : Starting service [Tomcat]
2025-04-17T03:33:31.246+03:00  INFO 82342 --- [telegram-bot-manager2] [restartedMain] o.apache.catalina.core.StandardEngine    : Starting Servlet engine: [Apache Tomcat/10.1.39]
2025-04-17T03:33:31.275+03:00  INFO 82342 --- [telegram-bot-manager2] [restartedMain] o.a.c.c.C.[Tomcat].[localhost].[/]       : Initializing Spring embedded WebApplicationContext
2025-04-17T03:33:31.276+03:00  INFO 82342 --- [telegram-bot-manager2] [restartedMain] w.s.c.ServletWebServerApplicationContext : Root WebApplicationContext: initialization completed in 1555 ms
2025-04-17T03:33:31.421+03:00  INFO 82342 --- [telegram-bot-manager2] [restartedMain] o.hibernate.jpa.internal.util.LogHelper  : HHH000204: Processing PersistenceUnitInfo [name: default]
2025-04-17T03:33:31.454+03:00  INFO 82342 --- [telegram-bot-manager2] [restartedMain] org.hibernate.Version                    : HHH000412: Hibernate ORM core version 6.6.11.Final
2025-04-17T03:33:31.478+03:00  INFO 82342 --- [telegram-bot-manager2] [restartedMain] o.h.c.internal.RegionFactoryInitiator    : HHH000026: Second-level cache disabled
2025-04-17T03:33:31.706+03:00  INFO 82342 --- [telegram-bot-manager2] [restartedMain] o.s.o.j.p.SpringPersistenceUnitInfo      : No LoadTimeWeaver setup: ignoring JPA class transformer
2025-04-17T03:33:31.725+03:00  INFO 82342 --- [telegram-bot-manager2] [restartedMain] com.zaxxer.hikari.HikariDataSource       : HikariPool-1 - Starting...
2025-04-17T03:33:31.841+03:00  INFO 82342 --- [telegram-bot-manager2] [restartedMain] com.zaxxer.hikari.pool.HikariPool        : HikariPool-1 - Added connection com.mysql.cj.jdbc.ConnectionImpl@4903b740
2025-04-17T03:33:31.843+03:00  INFO 82342 --- [telegram-bot-manager2] [restartedMain] com.zaxxer.hikari.HikariDataSource       : HikariPool-1 - Start completed.
2025-04-17T03:33:31.893+03:00  WARN 82342 --- [telegram-bot-manager2] [restartedMain] org.hibernate.orm.deprecation            : HHH90000025: MySQL8Dialect does not need to be specified explicitly using 'hibernate.dialect' (remove the property setting and it will be selected by default)
2025-04-17T03:33:31.894+03:00  WARN 82342 --- [telegram-bot-manager2] [restartedMain] org.hibernate.orm.deprecation            : HHH90000026: MySQL8Dialect has been deprecated; use org.hibernate.dialect.MySQLDialect instead
2025-04-17T03:33:31.916+03:00  INFO 82342 --- [telegram-bot-manager2] [restartedMain] org.hibernate.orm.connections.pooling    : HHH10001005: Database info:
	Database JDBC URL [Connecting through datasource 'HikariDataSource (HikariPool-1)']
	Database driver: undefined/unknown
	Database version: 8.0
	Autocommit mode: undefined/unknown
	Isolation level: undefined/unknown
	Minimum pool size: undefined/unknown
	Maximum pool size: undefined/unknown
2025-04-17T03:33:32.648+03:00  INFO 82342 --- [telegram-bot-manager2] [restartedMain] o.h.e.t.j.p.i.JtaPlatformInitiator       : HHH000489: No JTA platform available (set 'hibernate.transaction.jta.platform' to enable JTA platform integration)
2025-04-17T03:33:32.705+03:00  INFO 82342 --- [telegram-bot-manager2] [restartedMain] j.LocalContainerEntityManagerFactoryBean : Initialized JPA EntityManagerFactory for persistence unit 'default'
2025-04-17T03:33:32.936+03:00  INFO 82342 --- [telegram-bot-manager2] [restartedMain] o.s.d.j.r.query.QueryEnhancerFactory     : Hibernate is in classpath; If applicable, HQL parser will be used.
2025-04-17T03:33:34.009+03:00  WARN 82342 --- [telegram-bot-manager2] [restartedMain] JpaBaseConfiguration$JpaWebConfiguration : spring.jpa.open-in-view is enabled by default. Therefore, database queries may be performed during view rendering. Explicitly configure spring.jpa.open-in-view to disable this warning
2025-04-17T03:33:34.189+03:00  WARN 82342 --- [telegram-bot-manager2] [restartedMain] ion$DefaultTemplateResolverConfiguration : Cannot find template location: classpath:/templates/ (please add some templates, check your Thymeleaf configuration, or set spring.thymeleaf.check-template-location=false)
2025-04-17T03:33:34.345+03:00  INFO 82342 --- [telegram-bot-manager2] [restartedMain] o.s.b.d.a.OptionalLiveReloadServer       : LiveReload server is running on port 35729
2025-04-17T03:33:34.383+03:00  INFO 82342 --- [telegram-bot-manager2] [restartedMain] o.s.b.w.embedded.tomcat.TomcatWebServer  : Tomcat started on port 8080 (http) with context path '/'
2025-04-17T03:33:35.034+03:00  INFO 82342 --- [telegram-bot-manager2] [restartedMain] c.t.TelegramProposalBotApplication       : Started TelegramProposalBotApplication in 6.106 seconds (process running for 7.106)
2025-04-17T03:38:26.705+03:00  INFO 82342 --- [telegram-bot-manager2] [File Watcher] rtingClassPathChangeChangedEventListener : Restarting due to 2 class path changes (0 additions, 2 deletions, 0 modifications)
2025-04-17T03:38:26.784+03:00  INFO 82342 --- [telegram-bot-manager2] [Thread-5] o.s.b.w.e.tomcat.GracefulShutdown        : Commencing graceful shutdown. Waiting for active requests to complete
2025-04-17T03:38:26.853+03:00  INFO 82342 --- [telegram-bot-manager2] [tomcat-shutdown] o.s.b.w.e.tomcat.GracefulShutdown        : Graceful shutdown complete
2025-04-17T03:38:26.880+03:00  INFO 82342 --- [telegram-bot-manager2] [Thread-5] j.LocalContainerEntityManagerFactoryBean : Closing JPA EntityManagerFactory for persistence unit 'default'
2025-04-17T03:38:26.905+03:00  INFO 82342 --- [telegram-bot-manager2] [Thread-5] com.zaxxer.hikari.HikariDataSource       : HikariPool-1 - Shutdown initiated...
2025-04-17T03:38:26.932+03:00  INFO 82342 --- [telegram-bot-manager2] [Thread-5] com.zaxxer.hikari.HikariDataSource       : HikariPool-1 - Shutdown completed.
2025-04-17T03:38:27.305+03:00  INFO 82342 --- [telegram-bot-manager2] [restartedMain] c.t.TelegramProposalBotApplication       : Starting TelegramProposalBotApplication using Java 18.0.2.1 with PID 82342 (/Users/danil/Documents/work/bot/telegram-bot-manager2/target/classes started by danil in /Users/danil/Documents/work/bot/telegram-bot-manager2)
2025-04-17T03:38:27.305+03:00 DEBUG 82342 --- [telegram-bot-manager2] [restartedMain] c.t.TelegramProposalBotApplication       : Running with Spring Boot v3.4.4, Spring v6.2.5
2025-04-17T03:38:27.306+03:00  INFO 82342 --- [telegram-bot-manager2] [restartedMain] c.t.TelegramProposalBotApplication       : No active profile set, falling back to 1 default profile: "default"
2025-04-17T03:38:27.600+03:00  INFO 82342 --- [telegram-bot-manager2] [restartedMain] .s.d.r.c.RepositoryConfigurationDelegate : Bootstrapping Spring Data JPA repositories in DEFAULT mode.
2025-04-17T03:38:27.622+03:00  INFO 82342 --- [telegram-bot-manager2] [restartedMain] .s.d.r.c.RepositoryConfigurationDelegate : Finished Spring Data repository scanning in 20 ms. Found 6 JPA repository interfaces.
2025-04-17T03:38:27.787+03:00  INFO 82342 --- [telegram-bot-manager2] [restartedMain] o.s.b.w.embedded.tomcat.TomcatWebServer  : Tomcat initialized with port 8080 (http)
2025-04-17T03:38:27.789+03:00  INFO 82342 --- [telegram-bot-manager2] [restartedMain] o.apache.catalina.core.StandardService   : Starting service [Tomcat]
2025-04-17T03:38:27.789+03:00  INFO 82342 --- [telegram-bot-manager2] [restartedMain] o.apache.catalina.core.StandardEngine    : Starting Servlet engine: [Apache Tomcat/10.1.39]
2025-04-17T03:38:27.807+03:00  INFO 82342 --- [telegram-bot-manager2] [restartedMain] o.a.c.c.C.[Tomcat].[localhost].[/]       : Initializing Spring embedded WebApplicationContext
2025-04-17T03:38:27.810+03:00  INFO 82342 --- [telegram-bot-manager2] [restartedMain] w.s.c.ServletWebServerApplicationContext : Root WebApplicationContext: initialization completed in 499 ms
2025-04-17T03:38:27.863+03:00  INFO 82342 --- [telegram-bot-manager2] [restartedMain] o.hibernate.jpa.internal.util.LogHelper  : HHH000204: Processing PersistenceUnitInfo [name: default]
2025-04-17T03:38:27.866+03:00  INFO 82342 --- [telegram-bot-manager2] [restartedMain] o.h.c.internal.RegionFactoryInitiator    : HHH000026: Second-level cache disabled
2025-04-17T03:38:27.886+03:00  INFO 82342 --- [telegram-bot-manager2] [restartedMain] o.s.o.j.p.SpringPersistenceUnitInfo      : No LoadTimeWeaver setup: ignoring JPA class transformer
2025-04-17T03:38:27.888+03:00  INFO 82342 --- [telegram-bot-manager2] [restartedMain] com.zaxxer.hikari.HikariDataSource       : HikariPool-2 - Starting...
2025-04-17T03:38:27.932+03:00  INFO 82342 --- [telegram-bot-manager2] [restartedMain] com.zaxxer.hikari.pool.HikariPool        : HikariPool-2 - Added connection com.mysql.cj.jdbc.ConnectionImpl@4b5a62e8
2025-04-17T03:38:27.933+03:00  INFO 82342 --- [telegram-bot-manager2] [restartedMain] com.zaxxer.hikari.HikariDataSource       : HikariPool-2 - Start completed.
2025-04-17T03:38:27.934+03:00  WARN 82342 --- [telegram-bot-manager2] [restartedMain] org.hibernate.orm.deprecation            : HHH90000025: MySQL8Dialect does not need to be specified explicitly using 'hibernate.dialect' (remove the property setting and it will be selected by default)
2025-04-17T03:38:27.934+03:00  WARN 82342 --- [telegram-bot-manager2] [restartedMain] org.hibernate.orm.deprecation            : HHH90000026: MySQL8Dialect has been deprecated; use org.hibernate.dialect.MySQLDialect instead
2025-04-17T03:38:27.935+03:00  INFO 82342 --- [telegram-bot-manager2] [restartedMain] org.hibernate.orm.connections.pooling    : HHH10001005: Database info:
	Database JDBC URL [Connecting through datasource 'HikariDataSource (HikariPool-2)']
	Database driver: undefined/unknown
	Database version: 8.0
	Autocommit mode: undefined/unknown
	Isolation level: undefined/unknown
	Minimum pool size: undefined/unknown
	Maximum pool size: undefined/unknown
2025-04-17T03:38:28.171+03:00  INFO 82342 --- [telegram-bot-manager2] [restartedMain] o.h.e.t.j.p.i.JtaPlatformInitiator       : HHH000489: No JTA platform available (set 'hibernate.transaction.jta.platform' to enable JTA platform integration)
2025-04-17T03:38:28.220+03:00  INFO 82342 --- [telegram-bot-manager2] [restartedMain] j.LocalContainerEntityManagerFactoryBean : Initialized JPA EntityManagerFactory for persistence unit 'default'
2025-04-17T03:38:28.541+03:00  WARN 82342 --- [telegram-bot-manager2] [restartedMain] JpaBaseConfiguration$JpaWebConfiguration : spring.jpa.open-in-view is enabled by default. Therefore, database queries may be performed during view rendering. Explicitly configure spring.jpa.open-in-view to disable this warning
2025-04-17T03:38:28.595+03:00  WARN 82342 --- [telegram-bot-manager2] [restartedMain] ion$DefaultTemplateResolverConfiguration : Cannot find template location: classpath:/templates/ (please add some templates, check your Thymeleaf configuration, or set spring.thymeleaf.check-template-location=false)
2025-04-17T03:38:28.634+03:00  INFO 82342 --- [telegram-bot-manager2] [restartedMain] o.s.b.d.a.OptionalLiveReloadServer       : LiveReload server is running on port 35729
2025-04-17T03:38:28.646+03:00  INFO 82342 --- [telegram-bot-manager2] [restartedMain] o.s.b.w.embedded.tomcat.TomcatWebServer  : Tomcat started on port 8080 (http) with context path '/'
2025-04-17T03:38:28.653+03:00  INFO 82342 --- [telegram-bot-manager2] [restartedMain] c.t.TelegramProposalBotApplication       : Started TelegramProposalBotApplication in 1.42 seconds (process running for 300.749)
2025-04-17T03:38:28.659+03:00  INFO 82342 --- [telegram-bot-manager2] [restartedMain] .ConditionEvaluationDeltaLoggingListener : Condition evaluation unchanged
2025-04-17T03:38:30.062+03:00  INFO 82342 --- [telegram-bot-manager2] [File Watcher] rtingClassPathChangeChangedEventListener : Restarting due to 2 class path changes (2 additions, 0 deletions, 0 modifications)
2025-04-17T03:38:30.067+03:00  INFO 82342 --- [telegram-bot-manager2] [Thread-7] o.s.b.w.e.tomcat.GracefulShutdown        : Commencing graceful shutdown. Waiting for active requests to complete
2025-04-17T03:38:30.078+03:00  INFO 82342 --- [telegram-bot-manager2] [tomcat-shutdown] o.s.b.w.e.tomcat.GracefulShutdown        : Graceful shutdown complete
2025-04-17T03:38:30.083+03:00  INFO 82342 --- [telegram-bot-manager2] [Thread-7] j.LocalContainerEntityManagerFactoryBean : Closing JPA EntityManagerFactory for persistence unit 'default'
2025-04-17T03:38:30.089+03:00  INFO 82342 --- [telegram-bot-manager2] [Thread-7] com.zaxxer.hikari.HikariDataSource       : HikariPool-2 - Shutdown initiated...
2025-04-17T03:38:30.103+03:00  INFO 82342 --- [telegram-bot-manager2] [Thread-7] com.zaxxer.hikari.HikariDataSource       : HikariPool-2 - Shutdown completed.
2025-04-17T03:38:30.340+03:00  INFO 82342 --- [telegram-bot-manager2] [restartedMain] c.t.TelegramProposalBotApplication       : Starting TelegramProposalBotApplication using Java 18.0.2.1 with PID 82342 (/Users/danil/Documents/work/bot/telegram-bot-manager2/target/classes started by danil in /Users/danil/Documents/work/bot/telegram-bot-manager2)
2025-04-17T03:38:30.340+03:00 DEBUG 82342 --- [telegram-bot-manager2] [restartedMain] c.t.TelegramProposalBotApplication       : Running with Spring Boot v3.4.4, Spring v6.2.5
2025-04-17T03:38:30.340+03:00  INFO 82342 --- [telegram-bot-manager2] [restartedMain] c.t.TelegramProposalBotApplication       : No active profile set, falling back to 1 default profile: "default"
2025-04-17T03:38:30.519+03:00  INFO 82342 --- [telegram-bot-manager2] [restartedMain] .s.d.r.c.RepositoryConfigurationDelegate : Bootstrapping Spring Data JPA repositories in DEFAULT mode.
2025-04-17T03:38:30.537+03:00  INFO 82342 --- [telegram-bot-manager2] [restartedMain] .s.d.r.c.RepositoryConfigurationDelegate : Finished Spring Data repository scanning in 17 ms. Found 6 JPA repository interfaces.
2025-04-17T03:38:30.663+03:00  INFO 82342 --- [telegram-bot-manager2] [restartedMain] o.s.b.w.embedded.tomcat.TomcatWebServer  : Tomcat initialized with port 8080 (http)
2025-04-17T03:38:30.665+03:00  INFO 82342 --- [telegram-bot-manager2] [restartedMain] o.apache.catalina.core.StandardService   : Starting service [Tomcat]
2025-04-17T03:38:30.666+03:00  INFO 82342 --- [telegram-bot-manager2] [restartedMain] o.apache.catalina.core.StandardEngine    : Starting Servlet engine: [Apache Tomcat/10.1.39]
2025-04-17T03:38:30.678+03:00  INFO 82342 --- [telegram-bot-manager2] [restartedMain] o.a.c.c.C.[Tomcat].[localhost].[/]       : Initializing Spring embedded WebApplicationContext
2025-04-17T03:38:30.679+03:00  INFO 82342 --- [telegram-bot-manager2] [restartedMain] w.s.c.ServletWebServerApplicationContext : Root WebApplicationContext: initialization completed in 333 ms
2025-04-17T03:38:30.707+03:00  INFO 82342 --- [telegram-bot-manager2] [restartedMain] o.hibernate.jpa.internal.util.LogHelper  : HHH000204: Processing PersistenceUnitInfo [name: default]
2025-04-17T03:38:30.709+03:00  INFO 82342 --- [telegram-bot-manager2] [restartedMain] o.h.c.internal.RegionFactoryInitiator    : HHH000026: Second-level cache disabled
2025-04-17T03:38:30.720+03:00  INFO 82342 --- [telegram-bot-manager2] [restartedMain] o.s.o.j.p.SpringPersistenceUnitInfo      : No LoadTimeWeaver setup: ignoring JPA class transformer
2025-04-17T03:38:30.721+03:00  INFO 82342 --- [telegram-bot-manager2] [restartedMain] com.zaxxer.hikari.HikariDataSource       : HikariPool-3 - Starting...
2025-04-17T03:38:30.731+03:00  INFO 82342 --- [telegram-bot-manager2] [restartedMain] com.zaxxer.hikari.pool.HikariPool        : HikariPool-3 - Added connection com.mysql.cj.jdbc.ConnectionImpl@545c768
2025-04-17T03:38:30.731+03:00  INFO 82342 --- [telegram-bot-manager2] [restartedMain] com.zaxxer.hikari.HikariDataSource       : HikariPool-3 - Start completed.
2025-04-17T03:38:30.732+03:00  WARN 82342 --- [telegram-bot-manager2] [restartedMain] org.hibernate.orm.deprecation            : HHH90000025: MySQL8Dialect does not need to be specified explicitly using 'hibernate.dialect' (remove the property setting and it will be selected by default)
2025-04-17T03:38:30.732+03:00  WARN 82342 --- [telegram-bot-manager2] [restartedMain] org.hibernate.orm.deprecation            : HHH90000026: MySQL8Dialect has been deprecated; use org.hibernate.dialect.MySQLDialect instead
2025-04-17T03:38:30.732+03:00  INFO 82342 --- [telegram-bot-manager2] [restartedMain] org.hibernate.orm.connections.pooling    : HHH10001005: Database info:
	Database JDBC URL [Connecting through datasource 'HikariDataSource (HikariPool-3)']
	Database driver: undefined/unknown
	Database version: 8.0
	Autocommit mode: undefined/unknown
	Isolation level: undefined/unknown
	Minimum pool size: undefined/unknown
	Maximum pool size: undefined/unknown
2025-04-17T03:38:30.917+03:00  INFO 82342 --- [telegram-bot-manager2] [restartedMain] o.h.e.t.j.p.i.JtaPlatformInitiator       : HHH000489: No JTA platform available (set 'hibernate.transaction.jta.platform' to enable JTA platform integration)
2025-04-17T03:38:30.940+03:00  INFO 82342 --- [telegram-bot-manager2] [restartedMain] j.LocalContainerEntityManagerFactoryBean : Initialized JPA EntityManagerFactory for persistence unit 'default'
2025-04-17T03:38:31.337+03:00  WARN 82342 --- [telegram-bot-manager2] [restartedMain] JpaBaseConfiguration$JpaWebConfiguration : spring.jpa.open-in-view is enabled by default. Therefore, database queries may be performed during view rendering. Explicitly configure spring.jpa.open-in-view to disable this warning
2025-04-17T03:38:31.372+03:00  WARN 82342 --- [telegram-bot-manager2] [restartedMain] ion$DefaultTemplateResolverConfiguration : Cannot find template location: classpath:/templates/ (please add some templates, check your Thymeleaf configuration, or set spring.thymeleaf.check-template-location=false)
2025-04-17T03:38:31.398+03:00  INFO 82342 --- [telegram-bot-manager2] [restartedMain] o.s.b.d.a.OptionalLiveReloadServer       : LiveReload server is running on port 35729
2025-04-17T03:38:31.409+03:00  INFO 82342 --- [telegram-bot-manager2] [restartedMain] o.s.b.w.embedded.tomcat.TomcatWebServer  : Tomcat started on port 8080 (http) with context path '/'
2025-04-17T03:38:31.849+03:00  INFO 82342 --- [telegram-bot-manager2] [restartedMain] c.t.TelegramProposalBotApplication       : Started TelegramProposalBotApplication in 1.57 seconds (process running for 303.945)
2025-04-17T03:38:31.853+03:00  INFO 82342 --- [telegram-bot-manager2] [restartedMain] .ConditionEvaluationDeltaLoggingListener : Condition evaluation unchanged
2025-04-17T03:39:20.870+03:00  INFO 82342 --- [telegram-bot-manager2] [SpringApplicationShutdownHook] o.s.b.w.e.tomcat.GracefulShutdown        : Commencing graceful shutdown. Waiting for active requests to complete
2025-04-17T03:39:20.876+03:00  INFO 82342 --- [telegram-bot-manager2] [tomcat-shutdown] o.s.b.w.e.tomcat.GracefulShutdown        : Graceful shutdown complete
2025-04-17T03:39:20.881+03:00  INFO 82342 --- [telegram-bot-manager2] [SpringApplicationShutdownHook] j.LocalContainerEntityManagerFactoryBean : Closing JPA EntityManagerFactory for persistence unit 'default'
2025-04-17T03:39:20.883+03:00  INFO 82342 --- [telegram-bot-manager2] [SpringApplicationShutdownHook] com.zaxxer.hikari.HikariDataSource       : HikariPool-3 - Shutdown initiated...
2025-04-17T03:39:20.886+03:00  INFO 82342 --- [telegram-bot-manager2] [SpringApplicationShutdownHook] com.zaxxer.hikari.HikariDataSource       : HikariPool-3 - Shutdown completed.
2025-04-17T03:41:57.949+03:00  INFO 87986 --- [telegram-bot-manager2] [restartedMain] c.t.TelegramProposalBotApplication       : Starting TelegramProposalBotApplication using Java 18.0.2.1 with PID 87986 (/Users/danil/Documents/work/bot/telegram-bot-manager2/target/classes started by danil in /Users/danil/Documents/work/bot/telegram-bot-manager2)
2025-04-17T03:41:57.951+03:00 DEBUG 87986 --- [telegram-bot-manager2] [restartedMain] c.t.TelegramProposalBotApplication       : Running with Spring Boot v3.4.4, Spring v6.2.5
2025-04-17T03:41:57.953+03:00  INFO 87986 --- [telegram-bot-manager2] [restartedMain] c.t.TelegramProposalBotApplication       : No active profile set, falling back to 1 default profile: "default"
2025-04-17T03:41:58.006+03:00  INFO 87986 --- [telegram-bot-manager2] [restartedMain] .e.DevToolsPropertyDefaultsPostProcessor : Devtools property defaults active! Set 'spring.devtools.add-properties' to 'false' to disable
2025-04-17T03:41:58.006+03:00  INFO 87986 --- [telegram-bot-manager2] [restartedMain] .e.DevToolsPropertyDefaultsPostProcessor : For additional web related logging consider setting the 'logging.level.web' property to 'DEBUG'
2025-04-17T03:41:58.988+03:00  INFO 87986 --- [telegram-bot-manager2] [restartedMain] .s.d.r.c.RepositoryConfigurationDelegate : Bootstrapping Spring Data JPA repositories in DEFAULT mode.
2025-04-17T03:41:59.080+03:00  INFO 87986 --- [telegram-bot-manager2] [restartedMain] .s.d.r.c.RepositoryConfigurationDelegate : Finished Spring Data repository scanning in 84 ms. Found 6 JPA repository interfaces.
2025-04-17T03:41:59.667+03:00  INFO 87986 --- [telegram-bot-manager2] [restartedMain] o.s.b.w.embedded.tomcat.TomcatWebServer  : Tomcat initialized with port 8080 (http)
2025-04-17T03:41:59.676+03:00  INFO 87986 --- [telegram-bot-manager2] [restartedMain] o.apache.catalina.core.StandardService   : Starting service [Tomcat]
2025-04-17T03:41:59.677+03:00  INFO 87986 --- [telegram-bot-manager2] [restartedMain] o.apache.catalina.core.StandardEngine    : Starting Servlet engine: [Apache Tomcat/10.1.39]
2025-04-17T03:41:59.711+03:00  INFO 87986 --- [telegram-bot-manager2] [restartedMain] o.a.c.c.C.[Tomcat].[localhost].[/]       : Initializing Spring embedded WebApplicationContext
2025-04-17T03:41:59.712+03:00  INFO 87986 --- [telegram-bot-manager2] [restartedMain] w.s.c.ServletWebServerApplicationContext : Root WebApplicationContext: initialization completed in 1705 ms
2025-04-17T03:41:59.857+03:00  INFO 87986 --- [telegram-bot-manager2] [restartedMain] o.hibernate.jpa.internal.util.LogHelper  : HHH000204: Processing PersistenceUnitInfo [name: default]
2025-04-17T03:41:59.891+03:00  INFO 87986 --- [telegram-bot-manager2] [restartedMain] org.hibernate.Version                    : HHH000412: Hibernate ORM core version 6.6.11.Final
2025-04-17T03:41:59.911+03:00  INFO 87986 --- [telegram-bot-manager2] [restartedMain] o.h.c.internal.RegionFactoryInitiator    : HHH000026: Second-level cache disabled
2025-04-17T03:42:00.133+03:00  INFO 87986 --- [telegram-bot-manager2] [restartedMain] o.s.o.j.p.SpringPersistenceUnitInfo      : No LoadTimeWeaver setup: ignoring JPA class transformer
2025-04-17T03:42:00.153+03:00  INFO 87986 --- [telegram-bot-manager2] [restartedMain] com.zaxxer.hikari.HikariDataSource       : HikariPool-1 - Starting...
2025-04-17T03:42:00.280+03:00  INFO 87986 --- [telegram-bot-manager2] [restartedMain] com.zaxxer.hikari.pool.HikariPool        : HikariPool-1 - Added connection com.mysql.cj.jdbc.ConnectionImpl@a93fed8
2025-04-17T03:42:00.282+03:00  INFO 87986 --- [telegram-bot-manager2] [restartedMain] com.zaxxer.hikari.HikariDataSource       : HikariPool-1 - Start completed.
2025-04-17T03:42:00.335+03:00  WARN 87986 --- [telegram-bot-manager2] [restartedMain] org.hibernate.orm.deprecation            : HHH90000025: MySQL8Dialect does not need to be specified explicitly using 'hibernate.dialect' (remove the property setting and it will be selected by default)
2025-04-17T03:42:00.336+03:00  WARN 87986 --- [telegram-bot-manager2] [restartedMain] org.hibernate.orm.deprecation            : HHH90000026: MySQL8Dialect has been deprecated; use org.hibernate.dialect.MySQLDialect instead
2025-04-17T03:42:00.361+03:00  INFO 87986 --- [telegram-bot-manager2] [restartedMain] org.hibernate.orm.connections.pooling    : HHH10001005: Database info:
	Database JDBC URL [Connecting through datasource 'HikariDataSource (HikariPool-1)']
	Database driver: undefined/unknown
	Database version: 8.0
	Autocommit mode: undefined/unknown
	Isolation level: undefined/unknown
	Minimum pool size: undefined/unknown
	Maximum pool size: undefined/unknown
2025-04-17T03:42:01.089+03:00  INFO 87986 --- [telegram-bot-manager2] [restartedMain] o.h.e.t.j.p.i.JtaPlatformInitiator       : HHH000489: No JTA platform available (set 'hibernate.transaction.jta.platform' to enable JTA platform integration)
2025-04-17T03:42:01.141+03:00  INFO 87986 --- [telegram-bot-manager2] [restartedMain] j.LocalContainerEntityManagerFactoryBean : Initialized JPA EntityManagerFactory for persistence unit 'default'
2025-04-17T03:42:01.366+03:00  INFO 87986 --- [telegram-bot-manager2] [restartedMain] o.s.d.j.r.query.QueryEnhancerFactory     : Hibernate is in classpath; If applicable, HQL parser will be used.
2025-04-17T03:42:02.329+03:00  WARN 87986 --- [telegram-bot-manager2] [restartedMain] JpaBaseConfiguration$JpaWebConfiguration : spring.jpa.open-in-view is enabled by default. Therefore, database queries may be performed during view rendering. Explicitly configure spring.jpa.open-in-view to disable this warning
2025-04-17T03:42:02.572+03:00  WARN 87986 --- [telegram-bot-manager2] [restartedMain] ion$DefaultTemplateResolverConfiguration : Cannot find template location: classpath:/templates/ (please add some templates, check your Thymeleaf configuration, or set spring.thymeleaf.check-template-location=false)
2025-04-17T03:42:02.710+03:00  INFO 87986 --- [telegram-bot-manager2] [restartedMain] o.s.b.d.a.OptionalLiveReloadServer       : LiveReload server is running on port 35729
2025-04-17T03:42:02.753+03:00  INFO 87986 --- [telegram-bot-manager2] [restartedMain] o.s.b.w.embedded.tomcat.TomcatWebServer  : Tomcat started on port 8080 (http) with context path '/'
2025-04-17T03:42:03.411+03:00  INFO 87986 --- [telegram-bot-manager2] [restartedMain] c.t.TelegramProposalBotApplication       : Started TelegramProposalBotApplication in 6.041 seconds (process running for 6.951)
2025-04-17T03:45:11.465+03:00  INFO 87986 --- [telegram-bot-manager2] [SpringApplicationShutdownHook] o.s.b.w.e.tomcat.GracefulShutdown        : Commencing graceful shutdown. Waiting for active requests to complete
2025-04-17T03:45:11.506+03:00  INFO 87986 --- [telegram-bot-manager2] [tomcat-shutdown] o.s.b.w.e.tomcat.GracefulShutdown        : Graceful shutdown complete
2025-04-17T03:45:11.520+03:00  INFO 87986 --- [telegram-bot-manager2] [SpringApplicationShutdownHook] j.LocalContainerEntityManagerFactoryBean : Closing JPA EntityManagerFactory for persistence unit 'default'
2025-04-17T03:45:11.527+03:00  INFO 87986 --- [telegram-bot-manager2] [SpringApplicationShutdownHook] com.zaxxer.hikari.HikariDataSource       : HikariPool-1 - Shutdown initiated...
2025-04-17T03:45:11.541+03:00  INFO 87986 --- [telegram-bot-manager2] [SpringApplicationShutdownHook] com.zaxxer.hikari.HikariDataSource       : HikariPool-1 - Shutdown completed.
